{"/home/travis/build/npmtest/node-npmtest-generator-jhipster/test.js":{"path":"/home/travis/build/npmtest/node-npmtest-generator-jhipster/test.js","s":{"1":2,"2":2,"3":2,"4":2,"5":2,"6":2,"7":2,"8":1,"9":2,"10":2,"11":1,"12":1,"13":1,"14":1,"15":2,"16":2,"17":2,"18":2,"19":1,"20":1,"21":2,"22":2,"23":2,"24":1,"25":1,"26":1,"27":1,"28":1,"29":1,"30":1,"31":1,"32":1,"33":1,"34":1,"35":1,"36":1,"37":1,"38":1,"39":2,"40":2,"41":1,"42":2,"43":2,"44":1,"45":2,"46":2,"47":1,"48":2,"49":2,"50":1,"51":1,"52":1,"53":1,"54":1},"b":{"1":[2,1,1,1],"2":[1,1,1,1],"3":[1,1],"4":[1,1],"5":[1,1],"6":[1,1],"7":[1,1],"8":[1,1],"9":[1,1],"10":[1,1,1],"11":[1,1],"12":[1,1],"13":[1,1],"14":[1,1],"15":[1,1],"16":[1,1],"17":[1,1]},"f":{"1":2,"2":2,"3":2,"4":2,"5":2,"6":1,"7":1,"8":1,"9":2,"10":2,"11":2,"12":2,"13":1},"fnMap":{"1":{"name":"(anonymous_1)","line":12,"loc":{"start":{"line":12,"column":1},"end":{"line":12,"column":13}}},"2":{"name":"(anonymous_2)","line":19,"loc":{"start":{"line":19,"column":5},"end":{"line":19,"column":17}}},"3":{"name":"(anonymous_3)","line":23,"loc":{"start":{"line":23,"column":24},"end":{"line":23,"column":36}}},"4":{"name":"(anonymous_4)","line":61,"loc":{"start":{"line":61,"column":5},"end":{"line":61,"column":17}}},"5":{"name":"(anonymous_5)","line":82,"loc":{"start":{"line":82,"column":5},"end":{"line":82,"column":17}}},"6":{"name":"(anonymous_6)","line":91,"loc":{"start":{"line":91,"column":77},"end":{"line":94,"column":10}}},"7":{"name":"(anonymous_7)","line":112,"loc":{"start":{"line":112,"column":83},"end":{"line":115,"column":10}},"skip":true},"8":{"name":"(anonymous_8)","line":123,"loc":{"start":{"line":123,"column":77},"end":{"line":126,"column":10}},"skip":true},"9":{"name":"(anonymous_9)","line":139,"loc":{"start":{"line":139,"column":12},"end":{"line":139,"column":40}},"skip":true},"10":{"name":"(anonymous_10)","line":147,"loc":{"start":{"line":147,"column":77},"end":{"line":150,"column":10}},"skip":true},"11":{"name":"(anonymous_11)","line":158,"loc":{"start":{"line":158,"column":83},"end":{"line":161,"column":10}},"skip":true},"12":{"name":"(anonymous_12)","line":169,"loc":{"start":{"line":169,"column":79},"end":{"line":172,"column":10}},"skip":true},"13":{"name":"(anonymous_13)","line":180,"loc":{"start":{"line":180,"column":75},"end":{"line":183,"column":10}},"skip":true}},"statementMap":{"1":{"start":{"line":12,"column":0},"end":{"line":195,"column":5}},"2":{"start":{"line":14,"column":4},"end":{"line":14,"column":14}},"3":{"start":{"line":19,"column":4},"end":{"line":56,"column":9}},"4":{"start":{"line":21,"column":8},"end":{"line":21,"column":19}},"5":{"start":{"line":23,"column":8},"end":{"line":35,"column":13}},"6":{"start":{"line":24,"column":12},"end":{"line":34,"column":13}},"7":{"start":{"line":25,"column":16},"end":{"line":28,"column":30}},"8":{"start":{"line":30,"column":16},"end":{"line":33,"column":27}},"9":{"start":{"line":37,"column":8},"end":{"line":39,"column":21}},"10":{"start":{"line":40,"column":8},"end":{"line":53,"column":9}},"11":{"start":{"line":43,"column":12},"end":{"line":46,"column":14}},"12":{"start":{"line":47,"column":12},"end":{"line":47,"column":18}},"13":{"start":{"line":50,"column":12},"end":{"line":51,"column":46}},"14":{"start":{"line":52,"column":12},"end":{"line":52,"column":18}},"15":{"start":{"line":55,"column":8},"end":{"line":55,"column":35}},"16":{"start":{"line":61,"column":4},"end":{"line":63,"column":9}},"17":{"start":{"line":62,"column":8},"end":{"line":62,"column":15}},"18":{"start":{"line":64,"column":4},"end":{"line":77,"column":5}},"19":{"start":{"line":70,"column":8},"end":{"line":70,"column":14}},"20":{"start":{"line":76,"column":8},"end":{"line":76,"column":14}},"21":{"start":{"line":82,"column":4},"end":{"line":84,"column":9}},"22":{"start":{"line":83,"column":8},"end":{"line":83,"column":15}},"23":{"start":{"line":85,"column":4},"end":{"line":194,"column":5}},"24":{"start":{"line":91,"column":8},"end":{"line":99,"column":10}},"25":{"start":{"line":98,"column":12},"end":{"line":98,"column":35}},"26":{"start":{"line":102,"column":8},"end":{"line":104,"column":63}},"27":{"start":{"line":105,"column":8},"end":{"line":105,"column":14}},"28":{"start":{"line":112,"column":8},"end":{"line":121,"column":10},"skip":true},"29":{"start":{"line":119,"column":12},"end":{"line":119,"column":55},"skip":true},"30":{"start":{"line":120,"column":12},"end":{"line":120,"column":48},"skip":true},"31":{"start":{"line":123,"column":8},"end":{"line":136,"column":10},"skip":true},"32":{"start":{"line":130,"column":12},"end":{"line":130,"column":76},"skip":true},"33":{"start":{"line":131,"column":12},"end":{"line":131,"column":73},"skip":true},"34":{"start":{"line":132,"column":12},"end":{"line":132,"column":74},"skip":true},"35":{"start":{"line":133,"column":12},"end":{"line":133,"column":79},"skip":true},"36":{"start":{"line":134,"column":12},"end":{"line":134,"column":25},"skip":true},"37":{"start":{"line":135,"column":12},"end":{"line":135,"column":45},"skip":true},"38":{"start":{"line":138,"column":8},"end":{"line":145,"column":14},"skip":true},"39":{"start":{"line":143,"column":16},"end":{"line":143,"column":29},"skip":true},"40":{"start":{"line":144,"column":16},"end":{"line":144,"column":55},"skip":true},"41":{"start":{"line":147,"column":8},"end":{"line":156,"column":10},"skip":true},"42":{"start":{"line":154,"column":12},"end":{"line":154,"column":25},"skip":true},"43":{"start":{"line":155,"column":12},"end":{"line":155,"column":45},"skip":true},"44":{"start":{"line":158,"column":8},"end":{"line":167,"column":10},"skip":true},"45":{"start":{"line":165,"column":12},"end":{"line":165,"column":25},"skip":true},"46":{"start":{"line":166,"column":12},"end":{"line":166,"column":48},"skip":true},"47":{"start":{"line":169,"column":8},"end":{"line":178,"column":10},"skip":true},"48":{"start":{"line":176,"column":12},"end":{"line":176,"column":25},"skip":true},"49":{"start":{"line":177,"column":12},"end":{"line":177,"column":46},"skip":true},"50":{"start":{"line":180,"column":8},"end":{"line":189,"column":10},"skip":true},"51":{"start":{"line":187,"column":12},"end":{"line":187,"column":94},"skip":true},"52":{"start":{"line":188,"column":12},"end":{"line":188,"column":48},"skip":true},"53":{"start":{"line":192,"column":8},"end":{"line":192,"column":35},"skip":true},"54":{"start":{"line":193,"column":8},"end":{"line":193,"column":14},"skip":true}},"branchMap":{"1":{"line":25,"type":"binary-expr","locations":[{"start":{"line":25,"column":23},"end":{"line":25,"column":62}},{"start":{"line":26,"column":20},"end":{"line":26,"column":70}},{"start":{"line":27,"column":20},"end":{"line":27,"column":71}},{"start":{"line":28,"column":20},"end":{"line":28,"column":29}}]},"2":{"line":30,"type":"binary-expr","locations":[{"start":{"line":30,"column":23},"end":{"line":30,"column":37}},{"start":{"line":31,"column":20},"end":{"line":31,"column":61}},{"start":{"line":32,"column":20},"end":{"line":32,"column":70}},{"start":{"line":33,"column":20},"end":{"line":33,"column":26}}]},"3":{"line":37,"type":"cond-expr","locations":[{"start":{"line":38,"column":14},"end":{"line":38,"column":20}},{"start":{"line":39,"column":14},"end":{"line":39,"column":20}}]},"4":{"line":40,"type":"switch","locations":[{"start":{"line":42,"column":8},"end":{"line":47,"column":18}},{"start":{"line":49,"column":8},"end":{"line":52,"column":18}}]},"5":{"line":44,"type":"binary-expr","locations":[{"start":{"line":44,"column":16},"end":{"line":44,"column":44}},{"start":{"line":44,"column":48},"end":{"line":44,"column":66}}]},"6":{"line":50,"type":"binary-expr","locations":[{"start":{"line":50,"column":21},"end":{"line":50,"column":49}},{"start":{"line":50,"column":53},"end":{"line":50,"column":72}}]},"7":{"line":64,"type":"switch","locations":[{"start":{"line":69,"column":4},"end":{"line":70,"column":14}},{"start":{"line":75,"column":4},"end":{"line":76,"column":14}}]},"8":{"line":85,"type":"switch","locations":[{"start":{"line":90,"column":4},"end":{"line":105,"column":14}},{"start":{"line":111,"column":4},"end":{"line":193,"column":14},"skip":true}]},"9":{"line":91,"type":"binary-expr","locations":[{"start":{"line":91,"column":42},"end":{"line":91,"column":73}},{"start":{"line":91,"column":77},"end":{"line":99,"column":9}}]},"10":{"line":102,"type":"binary-expr","locations":[{"start":{"line":102,"column":18},"end":{"line":102,"column":32}},{"start":{"line":103,"column":12},"end":{"line":103,"column":53}},{"start":{"line":104,"column":12},"end":{"line":104,"column":61}}]},"11":{"line":112,"type":"binary-expr","locations":[{"start":{"line":112,"column":45},"end":{"line":112,"column":79},"skip":true},{"start":{"line":112,"column":83},"end":{"line":121,"column":9},"skip":true}]},"12":{"line":123,"type":"binary-expr","locations":[{"start":{"line":123,"column":42},"end":{"line":123,"column":73},"skip":true},{"start":{"line":123,"column":77},"end":{"line":136,"column":9},"skip":true}]},"13":{"line":138,"type":"binary-expr","locations":[{"start":{"line":138,"column":48},"end":{"line":138,"column":85},"skip":true},{"start":{"line":139,"column":12},"end":{"line":145,"column":13},"skip":true}]},"14":{"line":147,"type":"binary-expr","locations":[{"start":{"line":147,"column":42},"end":{"line":147,"column":73},"skip":true},{"start":{"line":147,"column":77},"end":{"line":156,"column":9},"skip":true}]},"15":{"line":158,"type":"binary-expr","locations":[{"start":{"line":158,"column":45},"end":{"line":158,"column":79},"skip":true},{"start":{"line":158,"column":83},"end":{"line":167,"column":9},"skip":true}]},"16":{"line":169,"type":"binary-expr","locations":[{"start":{"line":169,"column":43},"end":{"line":169,"column":75},"skip":true},{"start":{"line":169,"column":79},"end":{"line":178,"column":9},"skip":true}]},"17":{"line":180,"type":"binary-expr","locations":[{"start":{"line":180,"column":41},"end":{"line":180,"column":71},"skip":true},{"start":{"line":180,"column":75},"end":{"line":189,"column":9},"skip":true}]}},"code":["/* istanbul instrument in package npmtest_generator_jhipster */","/*jslint","    bitwise: true,","    browser: true,","    maxerr: 8,","    maxlen: 96,","    node: true,","    nomen: true,","    regexp: true,","    stupid: true","*/","(function () {","    'use strict';","    var local;","","","","    // run shared js-env code - pre-init","    (function () {","        // init local","        local = {};","        // init modeJs","        local.modeJs = (function () {","            try {","                return typeof navigator.userAgent === 'string' &&","                    typeof document.querySelector('body') === 'object' &&","                    typeof XMLHttpRequest.prototype.open === 'function' &&","                    'browser';","            } catch (errorCaughtBrowser) {","                return module.exports &&","                    typeof process.versions.node === 'string' &&","                    typeof require('http').createServer === 'function' &&","                    'node';","            }","        }());","        // init global","        local.global = local.modeJs === 'browser'","            ? window","            : global;","        switch (local.modeJs) {","        // re-init local from window.local","        case 'browser':","            local = local.global.utility2.objectSetDefault(","                local.global.utility2_rollup || local.global.local,","                local.global.utility2","            );","            break;","        // re-init local from example.js","        case 'node':","            local = (local.global.utility2_rollup || require('utility2'))","                .requireExampleJsFromReadme();","            break;","        }","        // export local","        local.global.local = local;","    }());","","","","    // run shared js-env code - function","    (function () {","        return;","    }());","    switch (local.modeJs) {","","","","    // run browser js-env code - function","    case 'browser':","        break;","","","","    // run node js-env code - function","    case 'node':","        break;","    }","","","","    // run shared js-env code - post-init","    (function () {","        return;","    }());","    switch (local.modeJs) {","","","","    // run browser js-env code - post-init","    case 'browser':","        local.testCase_browser_nullCase = local.testCase_browser_nullCase || function (","            options,","            onError","        ) {","        /*","         * this function will test browsers's null-case handling-behavior-behavior","         */","            onError(null, options);","        };","","        // run tests","        local.nop(local.modeTest &&","            document.querySelector('#testRunButton1') &&","            document.querySelector('#testRunButton1').click());","        break;","","","","    // run node js-env code - post-init","    /* istanbul ignore next */","    case 'node':","        local.testCase_buildApidoc_default = local.testCase_buildApidoc_default || function (","            options,","            onError","        ) {","        /*","         * this function will test buildApidoc's default handling-behavior-behavior","         */","            options = { modulePathList: module.paths };","            local.buildApidoc(options, onError);","        };","","        local.testCase_buildApp_default = local.testCase_buildApp_default || function (","            options,","            onError","        ) {","        /*","         * this function will test buildApp's default handling-behavior-behavior","         */","            local.testCase_buildReadme_default(options, local.onErrorThrow);","            local.testCase_buildLib_default(options, local.onErrorThrow);","            local.testCase_buildTest_default(options, local.onErrorThrow);","            local.testCase_buildCustomOrg_default(options, local.onErrorThrow);","            options = [];","            local.buildApp(options, onError);","        };","","        local.testCase_buildCustomOrg_default = local.testCase_buildCustomOrg_default ||","            function (options, onError) {","            /*","             * this function will test buildCustomOrg's default handling-behavior","             */","                options = {};","                local.buildCustomOrg(options, onError);","            };","","        local.testCase_buildLib_default = local.testCase_buildLib_default || function (","            options,","            onError","        ) {","        /*","         * this function will test buildLib's default handling-behavior","         */","            options = {};","            local.buildLib(options, onError);","        };","","        local.testCase_buildReadme_default = local.testCase_buildReadme_default || function (","            options,","            onError","        ) {","        /*","         * this function will test buildReadme's default handling-behavior-behavior","         */","            options = {};","            local.buildReadme(options, onError);","        };","","        local.testCase_buildTest_default = local.testCase_buildTest_default || function (","            options,","            onError","        ) {","        /*","         * this function will test buildTest's default handling-behavior","         */","            options = {};","            local.buildTest(options, onError);","        };","","        local.testCase_webpage_default = local.testCase_webpage_default || function (","            options,","            onError","        ) {","        /*","         * this function will test webpage's default handling-behavior","         */","            options = { modeCoverageMerge: true, url: local.serverLocalHost + '?modeTest=1' };","            local.browserTest(options, onError);","        };","","        // run test-server","        local.testRunServer(local);","        break;","    }","}());",""],"l":{"12":2,"14":2,"19":2,"21":2,"23":2,"24":2,"25":2,"30":1,"37":2,"40":2,"43":1,"47":1,"50":1,"52":1,"55":2,"61":2,"62":2,"64":2,"70":1,"76":1,"82":2,"83":2,"85":2,"91":1,"98":1,"102":1,"105":1,"112":1,"119":1,"120":1,"123":1,"130":1,"131":1,"132":1,"133":1,"134":1,"135":1,"138":1,"143":2,"144":2,"147":1,"154":2,"155":2,"158":1,"165":2,"166":2,"169":1,"176":2,"177":2,"180":1,"187":1,"188":1,"192":1,"193":1}},"/home/travis/build/npmtest/node-npmtest-generator-jhipster/lib.npmtest_generator_jhipster.js":{"path":"/home/travis/build/npmtest/node-npmtest-generator-jhipster/lib.npmtest_generator_jhipster.js","s":{"1":2,"2":2,"3":2,"4":2,"5":2,"6":2,"7":2,"8":1,"9":2,"10":2,"11":2,"12":2,"13":1,"14":1,"15":1,"16":1},"b":{"1":[2,1,1,1],"2":[1,1,1,1],"3":[1,1],"4":[2,2],"5":[1,1]},"f":{"1":2,"2":2,"3":2},"fnMap":{"1":{"name":"(anonymous_1)","line":12,"loc":{"start":{"line":12,"column":1},"end":{"line":12,"column":13}}},"2":{"name":"(anonymous_2)","line":19,"loc":{"start":{"line":19,"column":5},"end":{"line":19,"column":17}}},"3":{"name":"(anonymous_3)","line":23,"loc":{"start":{"line":23,"column":24},"end":{"line":23,"column":36}}}},"statementMap":{"1":{"start":{"line":12,"column":0},"end":{"line":53,"column":5}},"2":{"start":{"line":14,"column":4},"end":{"line":14,"column":14}},"3":{"start":{"line":19,"column":4},"end":{"line":52,"column":9}},"4":{"start":{"line":21,"column":8},"end":{"line":21,"column":19}},"5":{"start":{"line":23,"column":8},"end":{"line":35,"column":13}},"6":{"start":{"line":24,"column":12},"end":{"line":34,"column":13}},"7":{"start":{"line":25,"column":16},"end":{"line":28,"column":30}},"8":{"start":{"line":30,"column":16},"end":{"line":33,"column":27}},"9":{"start":{"line":37,"column":8},"end":{"line":39,"column":21}},"10":{"start":{"line":41,"column":8},"end":{"line":41,"column":54}},"11":{"start":{"line":43,"column":8},"end":{"line":43,"column":63}},"12":{"start":{"line":45,"column":8},"end":{"line":51,"column":9}},"13":{"start":{"line":46,"column":12},"end":{"line":46,"column":69}},"14":{"start":{"line":48,"column":12},"end":{"line":48,"column":35}},"15":{"start":{"line":49,"column":12},"end":{"line":49,"column":49}},"16":{"start":{"line":50,"column":12},"end":{"line":50,"column":43}}},"branchMap":{"1":{"line":25,"type":"binary-expr","locations":[{"start":{"line":25,"column":23},"end":{"line":25,"column":62}},{"start":{"line":26,"column":20},"end":{"line":26,"column":70}},{"start":{"line":27,"column":20},"end":{"line":27,"column":71}},{"start":{"line":28,"column":20},"end":{"line":28,"column":29}}]},"2":{"line":30,"type":"binary-expr","locations":[{"start":{"line":30,"column":23},"end":{"line":30,"column":37}},{"start":{"line":31,"column":20},"end":{"line":31,"column":61}},{"start":{"line":32,"column":20},"end":{"line":32,"column":70}},{"start":{"line":33,"column":20},"end":{"line":33,"column":26}}]},"3":{"line":37,"type":"cond-expr","locations":[{"start":{"line":38,"column":14},"end":{"line":38,"column":20}},{"start":{"line":39,"column":14},"end":{"line":39,"column":20}}]},"4":{"line":41,"type":"binary-expr","locations":[{"start":{"line":41,"column":16},"end":{"line":41,"column":44}},{"start":{"line":41,"column":48},"end":{"line":41,"column":53}}]},"5":{"line":45,"type":"if","locations":[{"start":{"line":45,"column":8},"end":{"line":45,"column":8}},{"start":{"line":45,"column":8},"end":{"line":45,"column":8}}]}},"code":["/* istanbul instrument in package npmtest_generator_jhipster */","/*jslint","    bitwise: true,","    browser: true,","    maxerr: 8,","    maxlen: 96,","    node: true,","    nomen: true,","    regexp: true,","    stupid: true","*/","(function () {","    'use strict';","    var local;","","","","    // run shared js-env code - pre-init","    (function () {","        // init local","        local = {};","        // init modeJs","        local.modeJs = (function () {","            try {","                return typeof navigator.userAgent === 'string' &&","                    typeof document.querySelector('body') === 'object' &&","                    typeof XMLHttpRequest.prototype.open === 'function' &&","                    'browser';","            } catch (errorCaughtBrowser) {","                return module.exports &&","                    typeof process.versions.node === 'string' &&","                    typeof require('http').createServer === 'function' &&","                    'node';","            }","        }());","        // init global","        local.global = local.modeJs === 'browser'","            ? window","            : global;","        // init utility2_rollup","        local = local.global.utility2_rollup || local;","        // init lib","        local.local = local.npmtest_generator_jhipster = local;","        // init exports","        if (local.modeJs === 'browser') {","            local.global.utility2_npmtest_generator_jhipster = local;","        } else {","            module.exports = local;","            module.exports.__dirname = __dirname;","            module.exports.module = module;","        }","    }());","}());",""],"l":{"12":2,"14":2,"19":2,"21":2,"23":2,"24":2,"25":2,"30":1,"37":2,"41":2,"43":2,"45":2,"46":1,"48":1,"49":1,"50":1}},"/home/travis/build/npmtest/node-npmtest-generator-jhipster/example.js":{"path":"/home/travis/build/npmtest/node-npmtest-generator-jhipster/example.js","s":{"1":2,"2":2,"3":2,"4":2,"5":2,"6":2,"7":2,"8":1,"9":2,"10":2,"11":2,"12":2,"13":1,"14":2,"15":2,"16":2,"17":2,"18":2,"19":0,"20":2,"21":1,"22":1,"23":1,"24":1,"25":1,"26":0,"27":0,"28":1,"29":1,"30":2,"31":0,"32":0,"33":0,"34":1,"35":2,"36":2,"37":3,"38":3,"39":3,"40":3,"41":0,"42":3,"43":3,"44":3,"45":1,"46":3,"47":1,"48":1,"49":1,"50":1,"51":1,"52":1,"53":1,"54":1,"55":1,"56":1,"57":0,"58":1,"59":6,"60":6,"61":1,"62":2,"63":0,"64":2,"65":1,"66":1,"67":0,"68":0,"69":0,"70":0,"71":0,"72":0,"73":0,"74":0,"75":0,"76":0,"77":0,"78":0,"79":0,"80":0,"81":0,"82":0,"83":0},"b":{"1":[2,1,1,1],"2":[1,1,1,1],"3":[1,1],"4":[2,2],"5":[1,1],"6":[1,1],"7":[2,0],"8":[2,1,1,1,1,1],"9":[0,2,0],"10":[1,1],"11":[2,1,1],"12":[1,0],"13":[0,2],"14":[2,0,0,0,0,0,0],"15":[0,3],"16":[3,0],"17":[1,1],"18":[0,1],"19":[1,2,0,2],"20":[1,0],"21":[1,1],"22":[0,0],"23":[0,0],"24":[0,0],"25":[0,0],"26":[0,0],"27":[0,0],"28":[0,0]},"f":{"1":2,"2":2,"3":2,"4":2,"5":2,"6":2,"7":3,"8":3,"9":3,"10":1,"11":6,"12":0},"fnMap":{"1":{"name":"(anonymous_1)","line":26,"loc":{"start":{"line":26,"column":1},"end":{"line":26,"column":13}}},"2":{"name":"(anonymous_2)","line":33,"loc":{"start":{"line":33,"column":5},"end":{"line":33,"column":17}}},"3":{"name":"(anonymous_3)","line":37,"loc":{"start":{"line":37,"column":24},"end":{"line":37,"column":36}}},"4":{"name":"(anonymous_4)","line":69,"loc":{"start":{"line":69,"column":31},"end":{"line":69,"column":48}},"skip":true},"5":{"name":"(anonymous_5)","line":78,"loc":{"start":{"line":78,"column":26},"end":{"line":78,"column":45}},"skip":true},"6":{"name":"(anonymous_6)","line":123,"loc":{"start":{"line":123,"column":33},"end":{"line":123,"column":48}},"skip":true},"7":{"name":"(anonymous_7)","line":125,"loc":{"start":{"line":125,"column":27},"end":{"line":125,"column":39}},"skip":true},"8":{"name":"(anonymous_8)","line":133,"loc":{"start":{"line":133,"column":59},"end":{"line":133,"column":74}},"skip":true},"9":{"name":"(anonymous_9)","line":143,"loc":{"start":{"line":143,"column":45},"end":{"line":143,"column":62}},"skip":true},"10":{"name":"(anonymous_10)","line":144,"loc":{"start":{"line":144,"column":73},"end":{"line":144,"column":92}},"skip":true},"11":{"name":"(anonymous_11)","line":272,"loc":{"start":{"line":272,"column":51},"end":{"line":272,"column":77}},"skip":true},"12":{"name":"(anonymous_12)","line":315,"loc":{"start":{"line":315,"column":32},"end":{"line":315,"column":61}},"skip":true}},"statementMap":{"1":{"start":{"line":26,"column":0},"end":{"line":326,"column":5}},"2":{"start":{"line":28,"column":4},"end":{"line":28,"column":14}},"3":{"start":{"line":33,"column":4},"end":{"line":60,"column":9}},"4":{"start":{"line":35,"column":8},"end":{"line":35,"column":19}},"5":{"start":{"line":37,"column":8},"end":{"line":49,"column":13}},"6":{"start":{"line":38,"column":12},"end":{"line":48,"column":13}},"7":{"start":{"line":39,"column":16},"end":{"line":42,"column":30}},"8":{"start":{"line":44,"column":16},"end":{"line":47,"column":27}},"9":{"start":{"line":51,"column":8},"end":{"line":53,"column":21}},"10":{"start":{"line":55,"column":8},"end":{"line":57,"column":45}},"11":{"start":{"line":59,"column":8},"end":{"line":59,"column":35}},"12":{"start":{"line":61,"column":4},"end":{"line":325,"column":5}},"13":{"start":{"line":69,"column":8},"end":{"line":121,"column":10},"skip":true},"14":{"start":{"line":70,"column":12},"end":{"line":88,"column":13},"skip":true},"15":{"start":{"line":76,"column":16},"end":{"line":87,"column":19},"skip":true},"16":{"start":{"line":79,"column":20},"end":{"line":86,"column":21},"skip":true},"17":{"start":{"line":82,"column":24},"end":{"line":82,"column":43},"skip":true},"18":{"start":{"line":83,"column":24},"end":{"line":83,"column":30},"skip":true},"19":{"start":{"line":85,"column":24},"end":{"line":85,"column":49},"skip":true},"20":{"start":{"line":89,"column":12},"end":{"line":107,"column":13},"skip":true},"21":{"start":{"line":92,"column":16},"end":{"line":102,"column":17},"skip":true},"22":{"start":{"line":93,"column":20},"end":{"line":93,"column":86},"skip":true},"23":{"start":{"line":94,"column":20},"end":{"line":95,"column":45},"skip":true},"24":{"start":{"line":96,"column":20},"end":{"line":96,"column":42},"skip":true},"25":{"start":{"line":97,"column":20},"end":{"line":97,"column":48},"skip":true},"26":{"start":{"line":100,"column":20},"end":{"line":100,"column":85},"skip":true},"27":{"start":{"line":101,"column":20},"end":{"line":101,"column":96},"skip":true},"28":{"start":{"line":103,"column":16},"end":{"line":103,"column":22},"skip":true},"29":{"start":{"line":106,"column":16},"end":{"line":106,"column":22},"skip":true},"30":{"start":{"line":108,"column":12},"end":{"line":120,"column":13},"skip":true},"31":{"start":{"line":114,"column":16},"end":{"line":119,"column":17},"skip":true},"32":{"start":{"line":116,"column":20},"end":{"line":116,"column":78},"skip":true},"33":{"start":{"line":118,"column":20},"end":{"line":118,"column":47},"skip":true},"34":{"start":{"line":123,"column":8},"end":{"line":141,"column":11},"skip":true},"35":{"start":{"line":124,"column":12},"end":{"line":124,"column":54},"skip":true},"36":{"start":{"line":125,"column":12},"end":{"line":140,"column":14},"skip":true},"37":{"start":{"line":126,"column":16},"end":{"line":126,"column":28},"skip":true},"38":{"start":{"line":127,"column":16},"end":{"line":127,"column":69},"skip":true},"39":{"start":{"line":128,"column":16},"end":{"line":128,"column":75},"skip":true},"40":{"start":{"line":129,"column":16},"end":{"line":131,"column":17},"skip":true},"41":{"start":{"line":130,"column":20},"end":{"line":130,"column":27},"skip":true},"42":{"start":{"line":133,"column":16},"end":{"line":137,"column":36},"skip":true},"43":{"start":{"line":134,"column":20},"end":{"line":136,"column":55},"skip":true},"44":{"start":{"line":139,"column":16},"end":{"line":139,"column":57},"skip":true},"45":{"start":{"line":143,"column":8},"end":{"line":147,"column":11},"skip":true},"46":{"start":{"line":144,"column":12},"end":{"line":146,"column":15},"skip":true},"47":{"start":{"line":145,"column":16},"end":{"line":145,"column":70},"skip":true},"48":{"start":{"line":149,"column":8},"end":{"line":149,"column":31},"skip":true},"49":{"start":{"line":150,"column":8},"end":{"line":150,"column":14},"skip":true},"50":{"start":{"line":158,"column":8},"end":{"line":158,"column":31},"skip":true},"51":{"start":{"line":160,"column":8},"end":{"line":160,"column":33},"skip":true},"52":{"start":{"line":161,"column":8},"end":{"line":161,"column":37},"skip":true},"53":{"start":{"line":162,"column":8},"end":{"line":162,"column":35},"skip":true},"54":{"start":{"line":164,"column":8},"end":{"line":164,"column":50},"skip":true},"55":{"start":{"line":166,"column":8},"end":{"line":256,"column":2},"skip":true},"56":{"start":{"line":258,"column":8},"end":{"line":286,"column":9},"skip":true},"57":{"start":{"line":259,"column":12},"end":{"line":269,"column":14},"skip":true},"58":{"start":{"line":271,"column":12},"end":{"line":285,"column":19},"skip":true},"59":{"start":{"line":274,"column":20},"end":{"line":274,"column":35},"skip":true},"60":{"start":{"line":275,"column":20},"end":{"line":284,"column":21},"skip":true},"61":{"start":{"line":277,"column":24},"end":{"line":277,"column":64},"skip":true},"62":{"start":{"line":279,"column":24},"end":{"line":279,"column":40},"skip":true},"63":{"start":{"line":281,"column":24},"end":{"line":281,"column":40},"skip":true},"64":{"start":{"line":283,"column":24},"end":{"line":283,"column":39},"skip":true},"65":{"start":{"line":288,"column":8},"end":{"line":290,"column":9},"skip":true},"66":{"start":{"line":289,"column":12},"end":{"line":289,"column":18},"skip":true},"67":{"start":{"line":291,"column":8},"end":{"line":293,"column":54},"skip":true},"68":{"start":{"line":296,"column":8},"end":{"line":301,"column":37},"skip":true},"69":{"start":{"line":303,"column":8},"end":{"line":303,"column":82},"skip":true},"70":{"start":{"line":306,"column":8},"end":{"line":308,"column":9},"skip":true},"71":{"start":{"line":307,"column":12},"end":{"line":307,"column":82},"skip":true},"72":{"start":{"line":310,"column":8},"end":{"line":312,"column":9},"skip":true},"73":{"start":{"line":311,"column":12},"end":{"line":311,"column":18},"skip":true},"74":{"start":{"line":313,"column":8},"end":{"line":313,"column":54},"skip":true},"75":{"start":{"line":314,"column":8},"end":{"line":314,"column":69},"skip":true},"76":{"start":{"line":315,"column":8},"end":{"line":323,"column":36},"skip":true},"77":{"start":{"line":316,"column":12},"end":{"line":316,"column":61},"skip":true},"78":{"start":{"line":317,"column":12},"end":{"line":320,"column":13},"skip":true},"79":{"start":{"line":318,"column":16},"end":{"line":318,"column":75},"skip":true},"80":{"start":{"line":319,"column":16},"end":{"line":319,"column":23},"skip":true},"81":{"start":{"line":321,"column":12},"end":{"line":321,"column":38},"skip":true},"82":{"start":{"line":322,"column":12},"end":{"line":322,"column":27},"skip":true},"83":{"start":{"line":324,"column":8},"end":{"line":324,"column":14},"skip":true}},"branchMap":{"1":{"line":39,"type":"binary-expr","locations":[{"start":{"line":39,"column":23},"end":{"line":39,"column":62}},{"start":{"line":40,"column":20},"end":{"line":40,"column":70}},{"start":{"line":41,"column":20},"end":{"line":41,"column":71}},{"start":{"line":42,"column":20},"end":{"line":42,"column":29}}]},"2":{"line":44,"type":"binary-expr","locations":[{"start":{"line":44,"column":23},"end":{"line":44,"column":37}},{"start":{"line":45,"column":20},"end":{"line":45,"column":61}},{"start":{"line":46,"column":20},"end":{"line":46,"column":70}},{"start":{"line":47,"column":20},"end":{"line":47,"column":26}}]},"3":{"line":51,"type":"cond-expr","locations":[{"start":{"line":52,"column":14},"end":{"line":52,"column":20}},{"start":{"line":53,"column":14},"end":{"line":53,"column":20}}]},"4":{"line":55,"type":"binary-expr","locations":[{"start":{"line":55,"column":16},"end":{"line":55,"column":44}},{"start":{"line":55,"column":49},"end":{"line":57,"column":43}}]},"5":{"line":55,"type":"cond-expr","locations":[{"start":{"line":56,"column":14},"end":{"line":56,"column":62}},{"start":{"line":57,"column":14},"end":{"line":57,"column":43}}]},"6":{"line":61,"type":"switch","locations":[{"start":{"line":68,"column":4},"end":{"line":150,"column":14},"skip":true},{"start":{"line":156,"column":4},"end":{"line":324,"column":14},"skip":true}]},"7":{"line":70,"type":"if","locations":[{"start":{"line":70,"column":12},"end":{"line":70,"column":12},"skip":true},{"start":{"line":70,"column":12},"end":{"line":70,"column":12},"skip":true}]},"8":{"line":70,"type":"binary-expr","locations":[{"start":{"line":70,"column":16},"end":{"line":70,"column":22},"skip":true},{"start":{"line":70,"column":27},"end":{"line":70,"column":32},"skip":true},{"start":{"line":71,"column":20},"end":{"line":71,"column":39},"skip":true},{"start":{"line":72,"column":20},"end":{"line":72,"column":49},"skip":true},{"start":{"line":73,"column":20},"end":{"line":73,"column":58},"skip":true},{"start":{"line":74,"column":20},"end":{"line":74,"column":69},"skip":true}]},"9":{"line":79,"type":"switch","locations":[{"start":{"line":80,"column":20},"end":{"line":80,"column":33},"skip":true},{"start":{"line":81,"column":20},"end":{"line":83,"column":30},"skip":true},{"start":{"line":84,"column":20},"end":{"line":85,"column":49},"skip":true}]},"10":{"line":89,"type":"switch","locations":[{"start":{"line":90,"column":12},"end":{"line":103,"column":22},"skip":true},{"start":{"line":105,"column":12},"end":{"line":106,"column":22},"skip":true}]},"11":{"line":89,"type":"binary-expr","locations":[{"start":{"line":89,"column":20},"end":{"line":89,"column":25},"skip":true},{"start":{"line":89,"column":29},"end":{"line":89,"column":48},"skip":true},{"start":{"line":89,"column":52},"end":{"line":89,"column":74},"skip":true}]},"12":{"line":92,"type":"if","locations":[{"start":{"line":92,"column":16},"end":{"line":92,"column":16},"skip":true},{"start":{"line":92,"column":16},"end":{"line":92,"column":16},"skip":true}]},"13":{"line":108,"type":"if","locations":[{"start":{"line":108,"column":12},"end":{"line":108,"column":12},"skip":true},{"start":{"line":108,"column":12},"end":{"line":108,"column":12},"skip":true}]},"14":{"line":108,"type":"binary-expr","locations":[{"start":{"line":108,"column":16},"end":{"line":108,"column":61},"skip":true},{"start":{"line":108,"column":66},"end":{"line":108,"column":72},"skip":true},{"start":{"line":108,"column":77},"end":{"line":108,"column":82},"skip":true},{"start":{"line":109,"column":20},"end":{"line":109,"column":39},"skip":true},{"start":{"line":110,"column":20},"end":{"line":110,"column":49},"skip":true},{"start":{"line":111,"column":20},"end":{"line":111,"column":58},"skip":true},{"start":{"line":112,"column":20},"end":{"line":112,"column":68},"skip":true}]},"15":{"line":129,"type":"if","locations":[{"start":{"line":129,"column":16},"end":{"line":129,"column":16},"skip":true},{"start":{"line":129,"column":16},"end":{"line":129,"column":16},"skip":true}]},"16":{"line":134,"type":"cond-expr","locations":[{"start":{"line":135,"column":26},"end":{"line":135,"column":29},"skip":true},{"start":{"line":136,"column":26},"end":{"line":136,"column":54},"skip":true}]},"17":{"line":164,"type":"binary-expr","locations":[{"start":{"line":164,"column":27},"end":{"line":164,"column":43},"skip":true},{"start":{"line":164,"column":47},"end":{"line":164,"column":49},"skip":true}]},"18":{"line":258,"type":"if","locations":[{"start":{"line":258,"column":8},"end":{"line":258,"column":8},"skip":true},{"start":{"line":258,"column":8},"end":{"line":258,"column":8},"skip":true}]},"19":{"line":275,"type":"switch","locations":[{"start":{"line":276,"column":20},"end":{"line":277,"column":64},"skip":true},{"start":{"line":278,"column":20},"end":{"line":279,"column":40},"skip":true},{"start":{"line":280,"column":20},"end":{"line":281,"column":40},"skip":true},{"start":{"line":282,"column":20},"end":{"line":283,"column":39},"skip":true}]},"20":{"line":288,"type":"if","locations":[{"start":{"line":288,"column":8},"end":{"line":288,"column":8},"skip":true},{"start":{"line":288,"column":8},"end":{"line":288,"column":8},"skip":true}]},"21":{"line":288,"type":"binary-expr","locations":[{"start":{"line":288,"column":12},"end":{"line":288,"column":40},"skip":true},{"start":{"line":288,"column":44},"end":{"line":288,"column":67},"skip":true}]},"22":{"line":292,"type":"binary-expr","locations":[{"start":{"line":292,"column":12},"end":{"line":292,"column":50},"skip":true},{"start":{"line":293,"column":12},"end":{"line":293,"column":53},"skip":true}]},"23":{"line":297,"type":"binary-expr","locations":[{"start":{"line":297,"column":12},"end":{"line":297,"column":76},"skip":true},{"start":{"line":298,"column":12},"end":{"line":301,"column":36},"skip":true}]},"24":{"line":303,"type":"binary-expr","locations":[{"start":{"line":303,"column":43},"end":{"line":303,"column":75},"skip":true},{"start":{"line":303,"column":79},"end":{"line":303,"column":81},"skip":true}]},"25":{"line":306,"type":"if","locations":[{"start":{"line":306,"column":8},"end":{"line":306,"column":8},"skip":true},{"start":{"line":306,"column":8},"end":{"line":306,"column":8},"skip":true}]},"26":{"line":310,"type":"if","locations":[{"start":{"line":310,"column":8},"end":{"line":310,"column":8},"skip":true},{"start":{"line":310,"column":8},"end":{"line":310,"column":8},"skip":true}]},"27":{"line":313,"type":"binary-expr","locations":[{"start":{"line":313,"column":27},"end":{"line":313,"column":43},"skip":true},{"start":{"line":313,"column":47},"end":{"line":313,"column":53},"skip":true}]},"28":{"line":317,"type":"if","locations":[{"start":{"line":317,"column":12},"end":{"line":317,"column":12},"skip":true},{"start":{"line":317,"column":12},"end":{"line":317,"column":12},"skip":true}]}},"code":["/*","example.js","","quickstart example","","instruction","    1. save this script as example.js","    2. run the shell command:","        $ npm install npmtest-generator-jhipster && PORT=8081 node example.js","    3. play with the browser-demo on http://127.0.0.1:8081","*/","","","","/* istanbul instrument in package npmtest_generator_jhipster */","/*jslint","    bitwise: true,","    browser: true,","    maxerr: 8,","    maxlen: 96,","    node: true,","    nomen: true,","    regexp: true,","    stupid: true","*/","(function () {","    'use strict';","    var local;","","","","    // run shared js-env code - pre-init","    (function () {","        // init local","        local = {};","        // init modeJs","        local.modeJs = (function () {","            try {","                return typeof navigator.userAgent === 'string' &&","                    typeof document.querySelector('body') === 'object' &&","                    typeof XMLHttpRequest.prototype.open === 'function' &&","                    'browser';","            } catch (errorCaughtBrowser) {","                return module.exports &&","                    typeof process.versions.node === 'string' &&","                    typeof require('http').createServer === 'function' &&","                    'node';","            }","        }());","        // init global","        local.global = local.modeJs === 'browser'","            ? window","            : global;","        // init utility2_rollup","        local = local.global.utility2_rollup || (local.modeJs === 'browser'","            ? local.global.utility2_npmtest_generator_jhipster","            : global.utility2_moduleExports);","        // export local","        local.global.local = local;","    }());","    switch (local.modeJs) {","","","","    // post-init","    // run browser js-env code - post-init","    /* istanbul ignore next */","    case 'browser':","        local.testRunBrowser = function (event) {","            if (!event || (event &&","                    event.currentTarget &&","                    event.currentTarget.className &&","                    event.currentTarget.className.includes &&","                    event.currentTarget.className.includes('onreset'))) {","                // reset output","                Array.from(","                    document.querySelectorAll('body > .resettable')","                ).forEach(function (element) {","                    switch (element.tagName) {","                    case 'INPUT':","                    case 'TEXTAREA':","                        element.value = '';","                        break;","                    default:","                        element.textContent = '';","                    }","                });","            }","            switch (event && event.currentTarget && event.currentTarget.id) {","            case 'testRunButton1':","                // show tests","                if (document.querySelector('#testReportDiv1').style.display === 'none') {","                    document.querySelector('#testReportDiv1').style.display = 'block';","                    document.querySelector('#testRunButton1').textContent =","                        'hide internal test';","                    local.modeTest = true;","                    local.testRunDefault(local);","                // hide tests","                } else {","                    document.querySelector('#testReportDiv1').style.display = 'none';","                    document.querySelector('#testRunButton1').textContent = 'run internal test';","                }","                break;","            // custom-case","            default:","                break;","            }","            if (document.querySelector('#inputTextareaEval1') && (!event || (event &&","                    event.currentTarget &&","                    event.currentTarget.className &&","                    event.currentTarget.className.includes &&","                    event.currentTarget.className.includes('oneval')))) {","                // try to eval input-code","                try {","                    /*jslint evil: true*/","                    eval(document.querySelector('#inputTextareaEval1').value);","                } catch (errorCaught) {","                    console.error(errorCaught);","                }","            }","        };","        // log stderr and stdout to #outputTextareaStdout1","        ['error', 'log'].forEach(function (key) {","            console[key + '_original'] = console[key];","            console[key] = function () {","                var element;","                console[key + '_original'].apply(console, arguments);","                element = document.querySelector('#outputTextareaStdout1');","                if (!element) {","                    return;","                }","                // append text to #outputTextareaStdout1","                element.value += Array.from(arguments).map(function (arg) {","                    return typeof arg === 'string'","                        ? arg","                        : JSON.stringify(arg, null, 4);","                }).join(' ') + '\\n';","                // scroll textarea to bottom","                element.scrollTop = element.scrollHeight;","            };","        });","        // init event-handling","        ['change', 'click', 'keyup'].forEach(function (event) {","            Array.from(document.querySelectorAll('.on' + event)).forEach(function (element) {","                element.addEventListener(event, local.testRunBrowser);","            });","        });","        // run tests","        local.testRunBrowser();","        break;","","","","    // run node js-env code - post-init","    /* istanbul ignore next */","    case 'node':","        // export local","        module.exports = local;","        // require modules","        local.fs = require('fs');","        local.http = require('http');","        local.url = require('url');","        // init assets","        local.assetsDict = local.assetsDict || {};","        /* jslint-ignore-begin */","        local.assetsDict['/assets.index.template.html'] = '\\","<!doctype html>\\n\\","<html lang=\"en\">\\n\\","<head>\\n\\","<meta charset=\"UTF-8\">\\n\\","<meta name=\"viewport\" content=\"width=device-width, initial-scale=1\">\\n\\","<title>{{env.npm_package_name}} (v{{env.npm_package_version}})</title>\\n\\","<style>\\n\\","/*csslint\\n\\","    box-sizing: false,\\n\\","    universal-selector: false\\n\\","*/\\n\\","* {\\n\\","    box-sizing: border-box;\\n\\","}\\n\\","body {\\n\\","    background: #dde;\\n\\","    font-family: Arial, Helvetica, sans-serif;\\n\\","    margin: 2rem;\\n\\","}\\n\\","body > * {\\n\\","    margin-bottom: 1rem;\\n\\","}\\n\\",".utility2FooterDiv {\\n\\","    margin-top: 20px;\\n\\","    text-align: center;\\n\\","}\\n\\","</style>\\n\\","<style>\\n\\","/*csslint\\n\\","*/\\n\\","textarea {\\n\\","    font-family: monospace;\\n\\","    height: 10rem;\\n\\","    width: 100%;\\n\\","}\\n\\","textarea[readonly] {\\n\\","    background: #ddd;\\n\\","}\\n\\","</style>\\n\\","</head>\\n\\","<body>\\n\\","<!-- utility2-comment\\n\\","<div id=\"ajaxProgressDiv1\" style=\"background: #d00; height: 2px; left: 0; margin: 0; padding: 0; position: fixed; top: 0; transition: background 0.5s, width 1.5s; width: 25%;\"></div>\\n\\","utility2-comment -->\\n\\","<h1>\\n\\","<!-- utility2-comment\\n\\","    <a\\n\\","        {{#if env.npm_package_homepage}}\\n\\","        href=\"{{env.npm_package_homepage}}\"\\n\\","        {{/if env.npm_package_homepage}}\\n\\","        target=\"_blank\"\\n\\","    >\\n\\","utility2-comment -->\\n\\","        {{env.npm_package_name}} (v{{env.npm_package_version}})\\n\\","<!-- utility2-comment\\n\\","    </a>\\n\\","utility2-comment -->\\n\\","</h1>\\n\\","<h3>{{env.npm_package_description}}</h3>\\n\\","<!-- utility2-comment\\n\\","<h4><a download href=\"assets.app.js\">download standalone app</a></h4>\\n\\","<button class=\"onclick onreset\" id=\"testRunButton1\">run internal test</button><br>\\n\\","<div id=\"testReportDiv1\" style=\"display: none;\"></div>\\n\\","utility2-comment -->\\n\\","\\n\\","\\n\\","\\n\\","<label>stderr and stdout</label>\\n\\","<textarea class=\"resettable\" id=\"outputTextareaStdout1\" readonly></textarea>\\n\\","<!-- utility2-comment\\n\\","{{#if isRollup}}\\n\\","<script src=\"assets.app.js\"></script>\\n\\","{{#unless isRollup}}\\n\\","utility2-comment -->\\n\\","<script src=\"assets.utility2.rollup.js\"></script>\\n\\","<script src=\"jsonp.utility2._stateInit?callback=window.utility2._stateInit\"></script>\\n\\","<script src=\"assets.npmtest_generator_jhipster.rollup.js\"></script>\\n\\","<script src=\"assets.example.js\"></script>\\n\\","<script src=\"assets.test.js\"></script>\\n\\","<!-- utility2-comment\\n\\","{{/if isRollup}}\\n\\","utility2-comment -->\\n\\","<div class=\"utility2FooterDiv\">\\n\\","    [ this app was created with\\n\\","    <a href=\"https://github.com/kaizhu256/node-utility2\" target=\"_blank\">utility2</a>\\n\\","    ]\\n\\","</div>\\n\\","</body>\\n\\","</html>\\n\\","';","        /* jslint-ignore-end */","        if (local.templateRender) {","            local.assetsDict['/'] = local.templateRender(","                local.assetsDict['/assets.index.template.html'],","                {","                    env: local.objectSetDefault(local.env, {","                        npm_package_description: 'the greatest app in the world!',","                        npm_package_name: 'my-app',","                        npm_package_nameAlias: 'my_app',","                        npm_package_version: '0.0.1'","                    })","                }","            );","        } else {","            local.assetsDict['/'] = local.assetsDict['/assets.index.template.html']","                .replace((/\\{\\{env\\.(\\w+?)\\}\\}/g), function (match0, match1) {","                    // jslint-hack","                    String(match0);","                    switch (match1) {","                    case 'npm_package_description':","                        return 'the greatest app in the world!';","                    case 'npm_package_name':","                        return 'my-app';","                    case 'npm_package_nameAlias':","                        return 'my_app';","                    case 'npm_package_version':","                        return '0.0.1';","                    }","                });","        }","        // run the cli","        if (local.global.utility2_rollup || module !== require.main) {","            break;","        }","        local.assetsDict['/assets.example.js'] =","            local.assetsDict['/assets.example.js'] ||","            local.fs.readFileSync(__filename, 'utf8');","        // bug-workaround - long $npm_package_buildCustomOrg","        /* jslint-ignore-begin */","        local.assetsDict['/assets.npmtest_generator_jhipster.rollup.js'] =","            local.assetsDict['/assets.npmtest_generator_jhipster.rollup.js'] ||","            local.fs.readFileSync(","                local.npmtest_generator_jhipster.__dirname + '/lib.npmtest_generator_jhipster.js',","                'utf8'","            ).replace((/^#!/), '//');","        /* jslint-ignore-end */","        local.assetsDict['/favicon.ico'] = local.assetsDict['/favicon.ico'] || '';","        // if $npm_config_timeout_exit exists,","        // then exit this process after $npm_config_timeout_exit ms","        if (Number(process.env.npm_config_timeout_exit)) {","            setTimeout(process.exit, Number(process.env.npm_config_timeout_exit));","        }","        // start server","        if (local.global.utility2_serverHttp1) {","            break;","        }","        process.env.PORT = process.env.PORT || '8081';","        console.error('server starting on port ' + process.env.PORT);","        local.http.createServer(function (request, response) {","            request.urlParsed = local.url.parse(request.url);","            if (local.assetsDict[request.urlParsed.pathname] !== undefined) {","                response.end(local.assetsDict[request.urlParsed.pathname]);","                return;","            }","            response.statusCode = 404;","            response.end();","        }).listen(process.env.PORT);","        break;","    }","}());",""],"l":{"26":2,"28":2,"33":2,"35":2,"37":2,"38":2,"39":2,"44":1,"51":2,"55":2,"59":2,"61":2,"69":1,"70":2,"76":2,"79":2,"82":2,"83":2,"85":1,"89":2,"92":1,"93":1,"94":1,"96":1,"97":1,"100":1,"101":1,"103":1,"106":1,"108":2,"114":1,"116":1,"118":1,"123":1,"124":2,"125":2,"126":3,"127":3,"128":3,"129":3,"130":1,"133":3,"134":3,"139":3,"143":1,"144":3,"145":1,"149":1,"150":1,"158":1,"160":1,"161":1,"162":1,"164":1,"166":1,"258":1,"259":1,"271":1,"274":6,"275":6,"277":1,"279":2,"281":1,"283":2,"288":1,"289":1,"291":1,"296":1,"303":1,"306":1,"307":1,"310":1,"311":1,"313":1,"314":1,"315":1,"316":1,"317":1,"318":1,"319":1,"321":1,"322":1,"324":1}},"/home/travis/build/npmtest/node-npmtest-generator-jhipster/node_modules/generator-jhipster/index.js":{"path":"/home/travis/build/npmtest/node-npmtest-generator-jhipster/node_modules/generator-jhipster/index.js","s":{},"b":{},"f":{},"fnMap":{},"statementMap":{},"branchMap":{},"code":[""]},"/home/travis/build/npmtest/node-npmtest-generator-jhipster/node_modules/generator-jhipster/generators/cleanup.js":{"path":"/home/travis/build/npmtest/node-npmtest-generator-jhipster/node_modules/generator-jhipster/generators/cleanup.js","s":{"1":1,"2":1,"3":1,"4":1,"5":1,"6":0,"7":0,"8":0,"9":1,"10":0,"11":0,"12":0,"13":0,"14":0,"15":0,"16":0,"17":0,"18":0,"19":0,"20":0,"21":0,"22":0,"23":0,"24":0,"25":0,"26":0,"27":0,"28":0,"29":0,"30":0,"31":0,"32":0,"33":0,"34":0,"35":0,"36":0,"37":0,"38":0,"39":0,"40":0,"41":0,"42":0,"43":0,"44":0,"45":0,"46":0,"47":0,"48":0,"49":0,"50":0,"51":0,"52":0},"b":{"1":[0,0],"2":[0,0],"3":[0,0],"4":[0,0],"5":[0,0],"6":[0,0],"7":[0,0],"8":[0,0]},"f":{"1":0,"2":0},"fnMap":{"1":{"name":"cleanupOldFiles","line":13,"loc":{"start":{"line":13,"column":0},"end":{"line":13,"column":54}}},"2":{"name":"cleanupOldServerFiles","line":24,"loc":{"start":{"line":24,"column":0},"end":{"line":24,"column":60}}}},"statementMap":{"1":{"start":{"line":1,"column":0},"end":{"line":1,"column":51}},"2":{"start":{"line":3,"column":0},"end":{"line":3,"column":42}},"3":{"start":{"line":4,"column":0},"end":{"line":4,"column":58}},"4":{"start":{"line":6,"column":0},"end":{"line":9,"column":2}},"5":{"start":{"line":13,"column":0},"end":{"line":19,"column":1}},"6":{"start":{"line":14,"column":4},"end":{"line":18,"column":5}},"7":{"start":{"line":16,"column":8},"end":{"line":16,"column":82}},"8":{"start":{"line":17,"column":8},"end":{"line":17,"column":87}},"9":{"start":{"line":24,"column":0},"end":{"line":75,"column":1}},"10":{"start":{"line":25,"column":4},"end":{"line":28,"column":5}},"11":{"start":{"line":26,"column":8},"end":{"line":26,"column":84}},"12":{"start":{"line":27,"column":8},"end":{"line":27,"column":87}},"13":{"start":{"line":29,"column":4},"end":{"line":31,"column":5}},"14":{"start":{"line":30,"column":8},"end":{"line":30,"column":82}},"15":{"start":{"line":32,"column":4},"end":{"line":34,"column":5}},"16":{"start":{"line":33,"column":8},"end":{"line":33,"column":75}},"17":{"start":{"line":35,"column":4},"end":{"line":39,"column":5}},"18":{"start":{"line":36,"column":8},"end":{"line":36,"column":80}},"19":{"start":{"line":37,"column":8},"end":{"line":37,"column":82}},"20":{"start":{"line":38,"column":8},"end":{"line":38,"column":84}},"21":{"start":{"line":40,"column":4},"end":{"line":42,"column":5}},"22":{"start":{"line":41,"column":8},"end":{"line":41,"column":98}},"23":{"start":{"line":43,"column":4},"end":{"line":46,"column":5}},"24":{"start":{"line":44,"column":8},"end":{"line":44,"column":92}},"25":{"start":{"line":45,"column":8},"end":{"line":45,"column":77}},"26":{"start":{"line":47,"column":4},"end":{"line":74,"column":5}},"27":{"start":{"line":48,"column":8},"end":{"line":48,"column":88}},"28":{"start":{"line":49,"column":8},"end":{"line":49,"column":66}},"29":{"start":{"line":50,"column":8},"end":{"line":50,"column":73}},"30":{"start":{"line":51,"column":8},"end":{"line":51,"column":82}},"31":{"start":{"line":52,"column":8},"end":{"line":52,"column":81}},"32":{"start":{"line":53,"column":8},"end":{"line":53,"column":74}},"33":{"start":{"line":54,"column":8},"end":{"line":54,"column":92}},"34":{"start":{"line":55,"column":8},"end":{"line":55,"column":82}},"35":{"start":{"line":56,"column":8},"end":{"line":56,"column":86}},"36":{"start":{"line":57,"column":8},"end":{"line":57,"column":86}},"37":{"start":{"line":58,"column":8},"end":{"line":58,"column":85}},"38":{"start":{"line":59,"column":8},"end":{"line":59,"column":77}},"39":{"start":{"line":60,"column":8},"end":{"line":60,"column":89}},"40":{"start":{"line":61,"column":8},"end":{"line":61,"column":74}},"41":{"start":{"line":62,"column":8},"end":{"line":62,"column":74}},"42":{"start":{"line":63,"column":8},"end":{"line":63,"column":79}},"43":{"start":{"line":64,"column":8},"end":{"line":64,"column":80}},"44":{"start":{"line":65,"column":8},"end":{"line":65,"column":87}},"45":{"start":{"line":66,"column":8},"end":{"line":66,"column":89}},"46":{"start":{"line":67,"column":8},"end":{"line":67,"column":89}},"47":{"start":{"line":68,"column":8},"end":{"line":68,"column":81}},"48":{"start":{"line":69,"column":8},"end":{"line":69,"column":91}},"49":{"start":{"line":70,"column":8},"end":{"line":70,"column":86}},"50":{"start":{"line":71,"column":8},"end":{"line":71,"column":75}},"51":{"start":{"line":72,"column":8},"end":{"line":72,"column":83}},"52":{"start":{"line":73,"column":8},"end":{"line":73,"column":71}}},"branchMap":{"1":{"line":14,"type":"if","locations":[{"start":{"line":14,"column":4},"end":{"line":14,"column":4}},{"start":{"line":14,"column":4},"end":{"line":14,"column":4}}]},"2":{"line":25,"type":"if","locations":[{"start":{"line":25,"column":4},"end":{"line":25,"column":4}},{"start":{"line":25,"column":4},"end":{"line":25,"column":4}}]},"3":{"line":29,"type":"if","locations":[{"start":{"line":29,"column":4},"end":{"line":29,"column":4}},{"start":{"line":29,"column":4},"end":{"line":29,"column":4}}]},"4":{"line":32,"type":"if","locations":[{"start":{"line":32,"column":4},"end":{"line":32,"column":4}},{"start":{"line":32,"column":4},"end":{"line":32,"column":4}}]},"5":{"line":35,"type":"if","locations":[{"start":{"line":35,"column":4},"end":{"line":35,"column":4}},{"start":{"line":35,"column":4},"end":{"line":35,"column":4}}]},"6":{"line":40,"type":"if","locations":[{"start":{"line":40,"column":4},"end":{"line":40,"column":4}},{"start":{"line":40,"column":4},"end":{"line":40,"column":4}}]},"7":{"line":43,"type":"if","locations":[{"start":{"line":43,"column":4},"end":{"line":43,"column":4}},{"start":{"line":43,"column":4},"end":{"line":43,"column":4}}]},"8":{"line":47,"type":"if","locations":[{"start":{"line":47,"column":4},"end":{"line":47,"column":4}},{"start":{"line":47,"column":4},"end":{"line":47,"column":4}}]}},"code":["const constants = require('./generator-constants');","","const ANGULAR_DIR = constants.ANGULAR_DIR;","const CLIENT_MAIN_SRC_DIR = constants.CLIENT_MAIN_SRC_DIR;","","module.exports = {","    cleanupOldFiles,","    cleanupOldServerFiles","};","/**"," * Removes files that where generated in previous JHipster versions and therefore need to be removed"," */","function cleanupOldFiles(generator, javaDir, testDir) {","    if (generator.isJhipsterVersionLessThan('3.2.0')) {","        // removeFile and removeFolder methods should be called here for files and folders to cleanup","        generator.removeFile(`${ANGULAR_DIR}components/form/uib-pager.config.js`);","        generator.removeFile(`${ANGULAR_DIR}components/form/uib-pagination.config.js`);","    }","}","","/**"," * Removes server files that where generated in previous JHipster versions and therefore need to be removed"," */","function cleanupOldServerFiles(generator, javaDir, testDir) {","    if (generator.isJhipsterVersionLessThan('3.5.0')) {","        generator.removeFile(`${javaDir}domain/util/JSR310DateTimeSerializer.java`);","        generator.removeFile(`${javaDir}domain/util/JSR310LocalDateDeserializer.java`);","    }","    if (generator.isJhipsterVersionLessThan('3.6.0')) {","        generator.removeFile(`${javaDir}config/HerokuDatabaseConfiguration.java`);","    }","    if (generator.isJhipsterVersionLessThan('3.8.1')) {","        generator.removeFile(`${javaDir}config/JacksonConfiguration.java`);","    }","    if (generator.isJhipsterVersionLessThan('3.10.0')) {","        generator.removeFile(`${javaDir}config/CloudMongoDbConfiguration.java`);","        generator.removeFile(`${javaDir}security/CustomAccessDeniedHandler.java`);","        generator.removeFile(`${javaDir}web/filter/CsrfCookieGeneratorFilter.java`);","    }","    if (generator.isJhipsterVersionLessThan('3.11.0')) {","        generator.removeFile(`${CLIENT_MAIN_SRC_DIR}app/layouts/navbar/active-link.directive.js`);","    }","    if (generator.isJhipsterVersionLessThan('3.12.0')) {","        generator.removeFile(`${javaDir}config/hazelcast/HazelcastCacheRegionFactory.java`);","        generator.removeFile(`${javaDir}config/hazelcast/package-info.java`);","    }","    if (generator.isJhipsterVersionLessThan('4.0.0')) {","        generator.removeFile(`${javaDir}async/ExceptionHandlingAsyncTaskExecutor.java`);","        generator.removeFile(`${javaDir}async/package-info.java`);","        generator.removeFile(`${javaDir}config/jHipsterProperties.java`);","        generator.removeFile(`${javaDir}config/LoadBalancedResourceDetails.java`);","        generator.removeFile(`${javaDir}config/ElasticSearchConfiguration.java`);","        generator.removeFile(`${javaDir}config/apidoc/package-info.java`);","        generator.removeFile(`${javaDir}config/apidoc/PageableParameterBuilderPlugin.java`);","        generator.removeFile(`${javaDir}config/apidoc/SwaggerConfiguration.java`);","        generator.removeFile(`${javaDir}config/jcache/SpringCacheRegionFactory.java`);","        generator.removeFile(`${javaDir}config/jcache/SpringCacheRegionFactory.java`);","        generator.removeFile(`${javaDir}config/liquibase/AsyncSpringLiquibase.java`);","        generator.removeFile(`${javaDir}config/liquibase/package-info.java`);","        generator.removeFile(`${javaDir}config/locale/AngularCookieLocaleResolver.java`);","        generator.removeFile(`${javaDir}config/locale/package-info.java`);","        generator.removeFile(`${javaDir}domain/util/FixedH2Dialect.java`);","        generator.removeFile(`${javaDir}domain/util/FixedPostgreSQL82Dialect`);","        generator.removeFile(`${javaDir}domain/util/JSR310DateConverters.java`);","        generator.removeFile(`${javaDir}domain/util/JSR310PersistenceConverters.java`);","        generator.removeFile(`${javaDir}security/AjaxAuthenticationFailureHandler.java`);","        generator.removeFile(`${javaDir}security/AjaxAuthenticationSuccessHandler.java`);","        generator.removeFile(`${javaDir}security/AjaxLogoutSuccessHandler.java`);","        generator.removeFile(`${javaDir}security/CustomPersistentRememberMeServices.java`);","        generator.removeFile(`${javaDir}security/Http401UnauthorizedEntryPoint.java`);","        generator.removeFile(`${javaDir}security/UserDetailsService.java`);","        generator.removeFile(`${javaDir}web/filter/CachingHttpHeadersFilter.java`);","        generator.removeFile(`${javaDir}web/filter/package-info.java`);","    }","}",""],"l":{"1":1,"3":1,"4":1,"6":1,"13":1,"14":0,"16":0,"17":0,"24":1,"25":0,"26":0,"27":0,"29":0,"30":0,"32":0,"33":0,"35":0,"36":0,"37":0,"38":0,"40":0,"41":0,"43":0,"44":0,"45":0,"47":0,"48":0,"49":0,"50":0,"51":0,"52":0,"53":0,"54":0,"55":0,"56":0,"57":0,"58":0,"59":0,"60":0,"61":0,"62":0,"63":0,"64":0,"65":0,"66":0,"67":0,"68":0,"69":0,"70":0,"71":0,"72":0,"73":0}},"/home/travis/build/npmtest/node-npmtest-generator-jhipster/node_modules/generator-jhipster/generators/generator-constants.js":{"path":"/home/travis/build/npmtest/node-npmtest-generator-jhipster/node_modules/generator-jhipster/generators/generator-constants.js","s":{"1":1,"2":1,"3":1,"4":1,"5":1,"6":1,"7":1,"8":1,"9":1,"10":1,"11":1,"12":1,"13":1,"14":1,"15":1,"16":1,"17":1,"18":1,"19":1,"20":1,"21":1,"22":1,"23":1,"24":1,"25":1,"26":1,"27":1,"28":1,"29":1,"30":1,"31":1,"32":1,"33":1,"34":1},"b":{},"f":{},"fnMap":{},"statementMap":{"1":{"start":{"line":2,"column":0},"end":{"line":2,"column":69}},"2":{"start":{"line":3,"column":0},"end":{"line":3,"column":47}},"3":{"start":{"line":4,"column":0},"end":{"line":4,"column":36}},"4":{"start":{"line":5,"column":0},"end":{"line":5,"column":41}},"5":{"start":{"line":6,"column":0},"end":{"line":6,"column":43}},"6":{"start":{"line":7,"column":0},"end":{"line":7,"column":38}},"7":{"start":{"line":8,"column":0},"end":{"line":8,"column":41}},"8":{"start":{"line":9,"column":0},"end":{"line":9,"column":59}},"9":{"start":{"line":10,"column":0},"end":{"line":10,"column":49}},"10":{"start":{"line":11,"column":0},"end":{"line":11,"column":51}},"11":{"start":{"line":12,"column":0},"end":{"line":12,"column":51}},"12":{"start":{"line":13,"column":0},"end":{"line":13,"column":56}},"13":{"start":{"line":14,"column":0},"end":{"line":14,"column":44}},"14":{"start":{"line":15,"column":0},"end":{"line":15,"column":67}},"15":{"start":{"line":16,"column":0},"end":{"line":16,"column":79}},"16":{"start":{"line":17,"column":0},"end":{"line":17,"column":69}},"17":{"start":{"line":18,"column":0},"end":{"line":18,"column":65}},"18":{"start":{"line":19,"column":0},"end":{"line":19,"column":37}},"19":{"start":{"line":20,"column":0},"end":{"line":20,"column":75}},"20":{"start":{"line":21,"column":0},"end":{"line":21,"column":51}},"21":{"start":{"line":22,"column":0},"end":{"line":22,"column":66}},"22":{"start":{"line":23,"column":0},"end":{"line":23,"column":47}},"23":{"start":{"line":24,"column":0},"end":{"line":24,"column":40}},"24":{"start":{"line":27,"column":0},"end":{"line":27,"column":30}},"25":{"start":{"line":28,"column":0},"end":{"line":28,"column":30}},"26":{"start":{"line":29,"column":0},"end":{"line":29,"column":28}},"27":{"start":{"line":33,"column":0},"end":{"line":33,"column":29}},"28":{"start":{"line":34,"column":0},"end":{"line":34,"column":29}},"29":{"start":{"line":37,"column":0},"end":{"line":37,"column":31}},"30":{"start":{"line":39,"column":0},"end":{"line":39,"column":123}},"31":{"start":{"line":42,"column":0},"end":{"line":42,"column":64}},"32":{"start":{"line":43,"column":0},"end":{"line":43,"column":70}},"33":{"start":{"line":45,"column":0},"end":{"line":98,"column":2}},"34":{"start":{"line":100,"column":0},"end":{"line":100,"column":27}}},"branchMap":{},"code":["// version of docker images","const DOCKER_JHIPSTER_REGISTRY = 'jhipster/jhipster-registry:v2.6.0';","const DOCKER_JAVA_JRE = 'openjdk:8-jre-alpine';","const DOCKER_MYSQL = 'mysql:5.7.13'; // mysql.5.7.14+ doesn't work well with zoned date time, see https://github.com/jhipster/generator-jhipster/pull/4038","const DOCKER_MARIADB = 'mariadb:10.1.17';","const DOCKER_POSTGRESQL = 'postgres:9.6.2';","const DOCKER_MONGODB = 'mongo:3.2.10';","const DOCKER_CASSANDRA = 'cassandra:3.9';","const DOCKER_MSSQL = 'microsoft/mssql-server-linux:latest';","const DOCKER_ORACLE = 'sath89/oracle-12c:latest';","const DOCKER_ELASTICSEARCH = 'elasticsearch:2.4.1';","const DOCKER_KAFKA = 'wurstmeister/kafka:0.10.1.1';","const DOCKER_ZOOKEEPER = 'wurstmeister/zookeeper:3.4.6';","const DOCKER_SONAR = 'sonarqube:6.2-alpine';","const DOCKER_JHIPSTER_CONSOLE = 'jhipster/jhipster-console:v2.0.1';","const DOCKER_JHIPSTER_ELASTICSEARCH = 'jhipster/jhipster-elasticsearch:v2.0.1';","const DOCKER_JHIPSTER_LOGSTASH = 'jhipster/jhipster-logstash:v2.0.1';","const DOCKER_JHIPSTER_ZIPKIN = 'jhipster/jhipster-zipkin:v2.0.1';","const DOCKER_CONSUL = 'consul:0.7.2';","const DOCKER_CONSUL_CONFIG_LOADER = 'jhipster/consul-config-loader:v0.2.1';","const DOCKER_PROMETHEUS = 'prom/prometheus:v1.4.1';","const DOCKER_PROMETHEUS_ALERTMANAGER = 'prom/alertmanager:v0.5.1';","const DOCKER_GRAFANA = 'grafana/grafana:4.0.2';","const DOCKER_JENKINS = 'jenkins:latest';","","// version of Node, Yarn, NPM","const NODE_VERSION = '6.10.0';","const YARN_VERSION = '0.21.3';","const NPM_VERSION = '4.3.0';","","// all constants used throughout all generators","","const MAIN_DIR = 'src/main/';","const TEST_DIR = 'src/test/';","","// Note: this will be prepended with 'target/' for Maven, or with 'build/' for Gradle.","const CLIENT_DIST_DIR = 'www/';","","const SUPPORTED_VALIDATION_RULES = ['required', 'max', 'min', 'maxlength', 'minlength', 'maxbytes', 'minbytes', 'pattern'];","","// documentation constants","const JHIPSTER_DOCUMENTATION_URL = 'https://jhipster.github.io';","const JHIPSTER_DOCUMENTATION_ARCHIVE_PATH = '/documentation-archive/';","","const constants = {","    QUESTIONS: 15, // maximum possible number of questions","    CLIENT_QUESTIONS: 4,","    SERVER_QUESTIONS: 15,","    INTERPOLATE_REGEX: /<%:([\\s\\S]+?)%>/g, // so that tags in templates do not get mistreated as _ templates","    DOCKER_DIR: `${MAIN_DIR}docker/`,","","    MAIN_DIR,","    TEST_DIR,","","    CLIENT_MAIN_SRC_DIR: `${MAIN_DIR}webapp/`,","    CLIENT_TEST_SRC_DIR: `${TEST_DIR}javascript/`,","    CLIENT_WEBPACK_DIR: 'webpack/',","    CLIENT_DIST_DIR,","    ANGULAR_DIR: `${MAIN_DIR}webapp/app/`,","","    SERVER_MAIN_SRC_DIR: `${MAIN_DIR}java/`,","    SERVER_MAIN_RES_DIR: `${MAIN_DIR}resources/`,","    SERVER_TEST_SRC_DIR: `${TEST_DIR}java/`,","    SERVER_TEST_RES_DIR: `${TEST_DIR}resources/`,","","    // entity related","    SUPPORTED_VALIDATION_RULES,","","    JHIPSTER_DOCUMENTATION_URL,","    JHIPSTER_DOCUMENTATION_ARCHIVE_PATH,","","    DOCKER_JHIPSTER_REGISTRY,","    DOCKER_JAVA_JRE,","    DOCKER_MYSQL,","    DOCKER_MARIADB,","    DOCKER_POSTGRESQL,","    DOCKER_MONGODB,","    DOCKER_CASSANDRA,","    DOCKER_MSSQL,","    DOCKER_ORACLE,","    DOCKER_ELASTICSEARCH,","    DOCKER_KAFKA,","    DOCKER_ZOOKEEPER,","    DOCKER_SONAR,","    DOCKER_JHIPSTER_CONSOLE,","    DOCKER_JHIPSTER_ELASTICSEARCH,","    DOCKER_JHIPSTER_LOGSTASH,","    DOCKER_JHIPSTER_ZIPKIN,","    DOCKER_CONSUL,","    DOCKER_CONSUL_CONFIG_LOADER,","    DOCKER_PROMETHEUS,","    DOCKER_PROMETHEUS_ALERTMANAGER,","    DOCKER_GRAFANA,","    NODE_VERSION,","    YARN_VERSION,","    NPM_VERSION,","    DOCKER_JENKINS","};","","module.exports = constants;",""],"l":{"2":1,"3":1,"4":1,"5":1,"6":1,"7":1,"8":1,"9":1,"10":1,"11":1,"12":1,"13":1,"14":1,"15":1,"16":1,"17":1,"18":1,"19":1,"20":1,"21":1,"22":1,"23":1,"24":1,"27":1,"28":1,"29":1,"33":1,"34":1,"37":1,"39":1,"42":1,"43":1,"45":1,"100":1}},"/home/travis/build/npmtest/node-npmtest-generator-jhipster/node_modules/generator-jhipster/generators/generator-base.js":{"path":"/home/travis/build/npmtest/node-npmtest-generator-jhipster/node_modules/generator-jhipster/generators/generator-base.js","s":{"1":1,"2":1,"3":1,"4":1,"5":1,"6":1,"7":1,"8":1,"9":1,"10":1,"11":1,"12":1,"13":1,"14":1,"15":1,"16":1,"17":1,"18":1,"19":1,"20":1,"21":1,"22":1,"23":1,"24":0,"25":0,"26":0,"27":0,"28":0,"29":0,"30":0,"31":0,"32":0,"33":0,"34":0,"35":0,"36":0,"37":0,"38":0,"39":0,"40":0,"41":0,"42":0,"43":0,"44":0,"45":0,"46":0,"47":0,"48":0,"49":0,"50":0,"51":0,"52":0,"53":0,"54":0,"55":0,"56":0,"57":0,"58":0,"59":0,"60":0,"61":0,"62":0,"63":0,"64":0,"65":0,"66":0,"67":0,"68":0,"69":0,"70":0,"71":0,"72":0,"73":0,"74":0,"75":0,"76":0,"77":0,"78":0,"79":0,"80":0,"81":0,"82":0,"83":0,"84":0,"85":0,"86":0,"87":0,"88":0,"89":0,"90":0,"91":0,"92":0,"93":0,"94":0,"95":0,"96":0,"97":0,"98":0,"99":0,"100":0,"101":0,"102":0,"103":0,"104":0,"105":0,"106":0,"107":0,"108":0,"109":0,"110":0,"111":0,"112":0,"113":0,"114":0,"115":0,"116":0,"117":0,"118":0,"119":0,"120":0,"121":0,"122":0,"123":0,"124":0,"125":0,"126":0,"127":0,"128":0,"129":0,"130":0,"131":0,"132":0,"133":0,"134":0,"135":0,"136":0,"137":0,"138":0,"139":0,"140":0,"141":0,"142":0,"143":0,"144":0,"145":0,"146":0,"147":0,"148":0,"149":0,"150":0,"151":0,"152":0,"153":0,"154":0,"155":0,"156":0,"157":0,"158":0,"159":0,"160":0,"161":0,"162":0,"163":0,"164":0,"165":0,"166":0,"167":0,"168":0,"169":0,"170":0,"171":0,"172":0,"173":0,"174":0,"175":0,"176":0,"177":0,"178":0,"179":0,"180":0,"181":0,"182":0,"183":0,"184":0,"185":0,"186":0,"187":0,"188":0,"189":0,"190":0,"191":0,"192":0,"193":0,"194":0,"195":0,"196":0,"197":0,"198":0,"199":0,"200":0,"201":0,"202":0,"203":0,"204":0,"205":0,"206":0,"207":0,"208":0,"209":0,"210":0,"211":0,"212":0,"213":0,"214":0,"215":0,"216":0,"217":0,"218":0,"219":0,"220":0,"221":0,"222":0,"223":0,"224":0,"225":0,"226":0,"227":0,"228":0,"229":0,"230":0,"231":0,"232":0,"233":0,"234":0,"235":0,"236":0,"237":0,"238":0,"239":0,"240":0,"241":0,"242":0,"243":0,"244":0,"245":0,"246":0,"247":0,"248":0,"249":0,"250":0,"251":0,"252":0,"253":0,"254":0,"255":0,"256":0,"257":0,"258":0,"259":0,"260":0,"261":0,"262":0,"263":0,"264":0,"265":0,"266":0,"267":0,"268":0,"269":0,"270":0,"271":0,"272":0,"273":0,"274":0,"275":0,"276":0,"277":0,"278":0,"279":0,"280":0,"281":0,"282":0,"283":0,"284":0,"285":0,"286":0,"287":0,"288":0,"289":0,"290":0,"291":0,"292":0,"293":0,"294":0,"295":0,"296":0,"297":0,"298":0,"299":0,"300":0,"301":0,"302":0,"303":0,"304":0,"305":0,"306":0,"307":0,"308":0,"309":0,"310":0,"311":0,"312":0,"313":0,"314":0,"315":0,"316":0,"317":0,"318":0,"319":0,"320":0,"321":0,"322":0,"323":0,"324":0,"325":0,"326":0,"327":0,"328":0,"329":0,"330":0,"331":0,"332":0,"333":0,"334":0,"335":0,"336":1,"337":0,"338":0,"339":0,"340":0,"341":0,"342":0,"343":0,"344":0,"345":0,"346":0,"347":0,"348":0,"349":0,"350":0,"351":0,"352":0,"353":0,"354":0,"355":0,"356":0,"357":0,"358":0,"359":0,"360":0,"361":0,"362":0,"363":0,"364":0,"365":0,"366":0,"367":0,"368":0,"369":0,"370":0,"371":0,"372":0,"373":0,"374":0,"375":0,"376":0,"377":0,"378":0,"379":0,"380":0,"381":0,"382":0,"383":0,"384":0,"385":0,"386":0,"387":0,"388":0,"389":0,"390":0,"391":0,"392":0,"393":0,"394":0,"395":0,"396":0,"397":0,"398":0,"399":0,"400":0,"401":0,"402":0,"403":0,"404":0,"405":0,"406":0,"407":0,"408":0,"409":0,"410":0,"411":0,"412":0,"413":0,"414":0,"415":0,"416":0,"417":0,"418":0,"419":0,"420":0,"421":0,"422":0,"423":0,"424":0,"425":0,"426":0,"427":0,"428":0,"429":0,"430":0,"431":0,"432":0,"433":0,"434":0,"435":0,"436":0,"437":0,"438":0,"439":0,"440":0,"441":0,"442":0,"443":0,"444":0,"445":0,"446":0,"447":0,"448":0,"449":0,"450":0,"451":0,"452":0,"453":0,"454":0,"455":0,"456":0,"457":0,"458":0,"459":0,"460":0,"461":0,"462":0,"463":0,"464":0,"465":0,"466":0,"467":0,"468":0,"469":0,"470":0,"471":0,"472":0,"473":0,"474":0,"475":0,"476":0,"477":0,"478":0,"479":0,"480":0,"481":0,"482":0,"483":0,"484":0,"485":0,"486":0,"487":0,"488":0,"489":0,"490":0,"491":0,"492":0,"493":0,"494":0,"495":0,"496":0,"497":0,"498":0,"499":0,"500":0,"501":0,"502":0,"503":0,"504":0,"505":0,"506":0,"507":0,"508":0,"509":0,"510":0,"511":0,"512":0,"513":0,"514":0,"515":0,"516":0,"517":0,"518":0,"519":0,"520":0,"521":0,"522":0,"523":0,"524":0,"525":0,"526":0,"527":0,"528":0,"529":0,"530":0,"531":0,"532":0,"533":0,"534":0,"535":0,"536":0,"537":0,"538":0,"539":0,"540":0,"541":0,"542":0,"543":0,"544":0,"545":0,"546":0,"547":0,"548":0,"549":0,"550":0,"551":0,"552":0,"553":0,"554":0,"555":0,"556":0,"557":0,"558":0,"559":0,"560":0,"561":0,"562":0,"563":0,"564":0,"565":0,"566":0,"567":0,"568":0,"569":0,"570":0,"571":0,"572":0,"573":0,"574":0,"575":0,"576":0,"577":0,"578":0,"579":0,"580":0,"581":0,"582":0,"583":0,"584":0,"585":0,"586":0,"587":0,"588":0,"589":0,"590":0,"591":0,"592":0,"593":0,"594":0,"595":0,"596":0,"597":0,"598":0,"599":0,"600":0,"601":0,"602":0,"603":0,"604":0,"605":0,"606":0,"607":0,"608":0,"609":0,"610":0,"611":0,"612":0,"613":0,"614":0,"615":0,"616":0,"617":0,"618":0,"619":0,"620":0,"621":0,"622":0,"623":0,"624":0,"625":0,"626":0,"627":0,"628":0,"629":0,"630":0,"631":0,"632":0,"633":0,"634":0,"635":0,"636":0,"637":0,"638":0,"639":0,"640":0,"641":0,"642":0,"643":0,"644":0,"645":0,"646":0,"647":0,"648":0,"649":0,"650":0,"651":0,"652":0,"653":0,"654":0,"655":0,"656":0,"657":0,"658":0,"659":0,"660":0,"661":0,"662":0,"663":0,"664":0,"665":0,"666":0,"667":0,"668":0},"b":{"1":[0,0],"2":[0,0],"3":[0,0],"4":[0,0],"5":[0,0],"6":[0,0],"7":[0,0],"8":[0,0],"9":[0,0],"10":[0,0],"11":[0,0],"12":[0,0],"13":[0,0],"14":[0,0],"15":[0,0],"16":[0,0],"17":[0,0],"18":[0,0],"19":[0,0],"20":[0,0],"21":[0,0],"22":[0,0],"23":[0,0],"24":[0,0],"25":[0,0],"26":[0,0],"27":[0,0],"28":[0,0],"29":[0,0],"30":[0,0],"31":[0,0],"32":[0,0],"33":[0,0],"34":[0,0],"35":[0,0],"36":[0,0,0,0],"37":[0,0],"38":[0,0],"39":[0,0],"40":[0,0],"41":[0,0],"42":[0,0],"43":[0,0],"44":[0,0],"45":[0,0],"46":[0,0],"47":[0,0],"48":[0,0],"49":[0,0],"50":[0,0],"51":[0,0],"52":[0,0],"53":[0,0],"54":[0,0],"55":[0,0],"56":[0,0],"57":[0,0],"58":[0,0],"59":[0,0],"60":[0,0],"61":[0,0],"62":[0,0],"63":[0,0],"64":[0,0],"65":[0,0],"66":[0,0],"67":[0,0],"68":[0,0],"69":[0,0],"70":[0,0],"71":[0,0],"72":[0,0],"73":[0,0],"74":[0,0],"75":[0,0],"76":[0,0],"77":[0,0],"78":[0,0],"79":[0,0],"80":[0,0],"81":[0,0],"82":[0,0],"83":[0,0],"84":[0,0],"85":[0,0],"86":[0,0],"87":[0,0],"88":[0,0],"89":[0,0],"90":[0,0],"91":[0,0],"92":[0,0],"93":[0,0],"94":[0,0],"95":[0,0],"96":[0,0],"97":[0,0],"98":[0,0],"99":[0,0],"100":[0,0],"101":[0,0],"102":[0,0],"103":[0,0],"104":[0,0],"105":[0,0],"106":[0,0],"107":[0,0],"108":[0,0],"109":[0,0],"110":[0,0],"111":[0,0],"112":[0,0],"113":[0,0],"114":[0,0],"115":[0,0],"116":[0,0],"117":[0,0,0],"118":[0,0],"119":[0,0],"120":[0,0],"121":[0,0],"122":[0,0],"123":[0,0],"124":[0,0],"125":[0,0],"126":[0,0],"127":[0,0],"128":[0,0],"129":[0,0],"130":[0,0],"131":[0,0],"132":[0,0],"133":[0,0],"134":[0,0]},"f":{"1":0,"2":0,"3":0,"4":0,"5":0,"6":0,"7":0,"8":0,"9":0,"10":0,"11":0,"12":0,"13":0,"14":0,"15":0,"16":0,"17":0,"18":0,"19":0,"20":0,"21":0,"22":0,"23":0,"24":0,"25":0,"26":0,"27":0,"28":0,"29":0,"30":0,"31":0,"32":0,"33":0,"34":0,"35":0,"36":0,"37":0,"38":0,"39":0,"40":0,"41":0,"42":0,"43":0,"44":0,"45":0,"46":0,"47":0,"48":0,"49":0,"50":0,"51":0,"52":0,"53":0,"54":0,"55":0,"56":0,"57":0,"58":0,"59":0,"60":0,"61":0,"62":0,"63":0,"64":0,"65":0,"66":0,"67":0,"68":0,"69":0,"70":0,"71":0,"72":0,"73":0,"74":0,"75":0,"76":0,"77":0,"78":0,"79":0,"80":0,"81":0,"82":0,"83":0,"84":0,"85":0,"86":0,"87":0,"88":0,"89":0,"90":0,"91":0,"92":0,"93":0,"94":0,"95":0,"96":0,"97":0,"98":0,"99":0,"100":0,"101":0,"102":0,"103":0,"104":0,"105":0,"106":0},"fnMap":{"1":{"name":"(anonymous_1)","line":28,"loc":{"start":{"line":28,"column":15},"end":{"line":28,"column":28}}},"2":{"name":"(anonymous_2)","line":41,"loc":{"start":{"line":41,"column":20},"end":{"line":41,"column":84}}},"3":{"name":"(anonymous_3)","line":84,"loc":{"start":{"line":84,"column":25},"end":{"line":84,"column":89}}},"4":{"name":"(anonymous_4)","line":114,"loc":{"start":{"line":114,"column":22},"end":{"line":114,"column":58}}},"5":{"name":"(anonymous_5)","line":134,"loc":{"start":{"line":134,"column":19},"end":{"line":134,"column":68}}},"6":{"name":"(anonymous_6)","line":178,"loc":{"start":{"line":178,"column":21},"end":{"line":178,"column":140}}},"7":{"name":"(anonymous_7)","line":218,"loc":{"start":{"line":218,"column":28},"end":{"line":218,"column":51}}},"8":{"name":"(anonymous_8)","line":240,"loc":{"start":{"line":240,"column":33},"end":{"line":240,"column":56}}},"9":{"name":"(anonymous_9)","line":262,"loc":{"start":{"line":262,"column":27},"end":{"line":262,"column":50}}},"10":{"name":"(anonymous_10)","line":284,"loc":{"start":{"line":284,"column":27},"end":{"line":284,"column":50}}},"11":{"name":"(anonymous_11)","line":303,"loc":{"start":{"line":303,"column":35},"end":{"line":303,"column":75}}},"12":{"name":"(anonymous_12)","line":314,"loc":{"start":{"line":314,"column":28},"end":{"line":314,"column":31}}},"13":{"name":"(anonymous_13)","line":333,"loc":{"start":{"line":333,"column":28},"end":{"line":333,"column":31}}},"14":{"name":"(anonymous_14)","line":341,"loc":{"start":{"line":341,"column":23},"end":{"line":341,"column":34}}},"15":{"name":"(anonymous_15)","line":348,"loc":{"start":{"line":348,"column":34},"end":{"line":348,"column":37}}},"16":{"name":"(anonymous_16)","line":393,"loc":{"start":{"line":393,"column":26},"end":{"line":393,"column":66}}},"17":{"name":"(anonymous_17)","line":422,"loc":{"start":{"line":422,"column":22},"end":{"line":422,"column":38}}},"18":{"name":"(anonymous_18)","line":443,"loc":{"start":{"line":443,"column":20},"end":{"line":443,"column":70}}},"19":{"name":"(anonymous_19)","line":473,"loc":{"start":{"line":473,"column":23},"end":{"line":473,"column":36}}},"20":{"name":"(anonymous_20)","line":491,"loc":{"start":{"line":491,"column":20},"end":{"line":491,"column":36}}},"21":{"name":"(anonymous_21)","line":509,"loc":{"start":{"line":509,"column":23},"end":{"line":509,"column":39}}},"22":{"name":"(anonymous_22)","line":527,"loc":{"start":{"line":527,"column":16},"end":{"line":527,"column":29}}},"23":{"name":"(anonymous_23)","line":545,"loc":{"start":{"line":545,"column":22},"end":{"line":545,"column":35}}},"24":{"name":"(anonymous_24)","line":566,"loc":{"start":{"line":566,"column":27},"end":{"line":566,"column":45}}},"25":{"name":"(anonymous_25)","line":589,"loc":{"start":{"line":589,"column":22},"end":{"line":589,"column":79}}},"26":{"name":"(anonymous_26)","line":607,"loc":{"start":{"line":607,"column":21},"end":{"line":607,"column":44}}},"27":{"name":"(anonymous_27)","line":626,"loc":{"start":{"line":626,"column":27},"end":{"line":626,"column":43}}},"28":{"name":"(anonymous_28)","line":635,"loc":{"start":{"line":635,"column":38},"end":{"line":635,"column":54}}},"29":{"name":"(anonymous_29)","line":645,"loc":{"start":{"line":645,"column":33},"end":{"line":645,"column":57}}},"30":{"name":"(anonymous_30)","line":666,"loc":{"start":{"line":666,"column":39},"end":{"line":666,"column":59}}},"31":{"name":"(anonymous_31)","line":689,"loc":{"start":{"line":689,"column":19},"end":{"line":689,"column":108}}},"32":{"name":"(anonymous_32)","line":754,"loc":{"start":{"line":754,"column":30},"end":{"line":754,"column":118}}},"33":{"name":"(anonymous_33)","line":815,"loc":{"start":{"line":815,"column":19},"end":{"line":815,"column":47}}},"34":{"name":"(anonymous_34)","line":861,"loc":{"start":{"line":861,"column":20},"end":{"line":861,"column":37}}},"35":{"name":"(anonymous_35)","line":891,"loc":{"start":{"line":891,"column":22},"end":{"line":891,"column":60}}},"36":{"name":"(anonymous_36)","line":924,"loc":{"start":{"line":924,"column":18},"end":{"line":924,"column":56}}},"37":{"name":"(anonymous_37)","line":956,"loc":{"start":{"line":956,"column":19},"end":{"line":956,"column":42}}},"38":{"name":"(anonymous_38)","line":979,"loc":{"start":{"line":97
[...]
 {","            path: ANGULAR_DIR,","            templates: [","                'account/_account.state.js',","                'account/activate/_activate.controller.js',","                { file: 'account/activate/_activate.state.js', method: 'processJs' },","                { file: 'account/activate/_activate.html', method: 'processHtml' },","                'account/password/_password.controller.js',","                { file: 'account/password/_password.state.js', method: 'processJs' },","                'account/password/_password-strength-bar.directive.js',","                { file: 'account/password/_password.html', method: 'processHtml' },","                'account/register/_register.controller.js',","                { file: 'account/register/_register.state.js', method: 'processJs' },","                { file: 'account/register/_register.html', method: 'processHtml' },","                'account/reset/request/_reset.request.controller.js',","                { file: 'account/reset/request/_reset.request.state.js', method: 'processJs' },","                { file: 'account/reset/request/_reset.request.html', method: 'processHtml' },","                'account/reset/finish/_reset.finish.controller.js',","                { file: 'account/reset/finish/_reset.finish.html', method: 'processHtml' },","                { file: 'account/reset/finish/_reset.finish.state.js', method: 'processJs' },","                'account/settings/_settings.controller.js',","                { file: 'account/settings/_settings.state.js', method: 'processJs' },","                { file: 'account/settings/_settings.html', method: 'processHtml' }","            ]","        },","        {","            condition: generator => generator.authenticationType === 'session',","            path: ANGULAR_DIR,","            templates: [","                { file: 'account/sessions/_sessions.state.js', method: 'processJs' },","                { file: 'account/sessions/_sessions.html', method: 'processHtml' },","                'account/sessions/_sessions.controller.js'","            ]","        },","        {","            condition: generator => generator.enableSocialSignIn,","            path: ANGULAR_DIR,","            templates: [","                { file: 'account/social/directive/_social.html', method: 'processHtml' },","                { file: 'account/social/_social-register.html', method: 'processHtml' },","                'account/social/directive/_social.directive.js',","                'account/social/_social-register.controller.js',","                'account/social/_social.service.js',","                { file: 'account/social/_social.state.js', method: 'processJs' }","            ]","        },","        {","            condition: generator => generator.enableSocialSignIn && generator.authenticationType === 'jwt',","            path: ANGULAR_DIR,","            templates: [","                'account/social/_social-auth.controller.js'","            ]","        }","    ],","    angularAdminModule: [","        {","            path: ANGULAR_DIR,","            templates: [","                'admin/_admin.state.js',","                'admin/configuration/_configuration.controller.js',","                'admin/configuration/_configuration.service.js',","                { file: 'admin/configuration/_configuration.state.js', method: 'processJs' },","                { file: 'admin/configuration/_configuration.html', method: 'processHtml' },","                'admin/health/_health.controller.js',","                'admin/health/_health.modal.controller.js',","                'admin/health/_health.service.js',","                { file: 'admin/health/_health.state.js', method: 'processJs' },","                { file: 'admin/health/_health.html', method: 'processHtml' },","                { file: 'admin/health/_health.modal.html', method: 'processHtml' },","                'admin/logs/_logs.controller.js',","                'admin/logs/_logs.service.js',","                { file: 'admin/logs/_logs.state.js', method: 'processJs' },","                { file: 'admin/logs/_logs.html', method: 'processHtml' },","                'admin/metrics/_metrics.controller.js',","                'admin/metrics/_metrics.modal.controller.js',","                'admin/metrics/_metrics.service.js',","                { file: 'admin/metrics/_metrics.state.js', method: 'processJs' },","                { file: 'admin/metrics/_metrics.html', method: 'processHtml', template: true },","                { file: 'admin/metrics/_metrics.modal.html', method: 'processHtml', template: true },","                'admin/docs/_docs.html',","                { file: 'admin/docs/_docs.state.js', method: 'processJs' }","            ]","        },","        {","            condition: generator => generator.devDatabaseType !== 'cassandra',","            path: ANGULAR_DIR,","            templates: [","                'admin/audits/_audits.controller.js',","                'admin/audits/_audits.service.js',","                { file: 'admin/audits/_audits.state.js', method: 'processJs' },","                { file: 'admin/audits/_audits.html', method: 'processHtml' },","            ]","        },","        {","            condition: generator => generator.websocket === 'spring-websocket',","            path: ANGULAR_DIR,","            templates: [","                { file: 'admin/tracker/_tracker.html', method: 'processHtml' },","                { file: 'admin/tracker/_tracker.state.js', method: 'processJs' },","                'admin/tracker/_tracker.controller.js',","                'admin/tracker/_tracker.service.js'","            ]","        },","        {","            condition: generator => !generator.skipUserManagement,","            path: ANGULAR_DIR,","            templates: [","                { file: 'admin/user-management/_user-management.html', method: 'processHtml' },","                { file: 'admin/user-management/_user-management-detail.html', method: 'processHtml' },","                { file: 'admin/user-management/_user-management-dialog.html', method: 'processHtml' },","                { file: 'admin/user-management/_user-management-delete-dialog.html', method: 'processHtml' },","                { file: 'admin/user-management/_user-management.state.js', method: 'processJs' },","                'admin/user-management/_user-management.controller.js',","                'admin/user-management/_user-management-detail.controller.js',","                'admin/user-management/_user-management-dialog.controller.js',","                'admin/user-management/_user-management-delete-dialog.controller.js'","            ]","        },","        {","            condition: generator => generator.applicationType === 'gateway',","            path: ANGULAR_DIR,","            templates: [","                'admin/gateway/_gateway.controller.js',","                'admin/gateway/_gateway-routes.service.js',","                { file: 'admin/gateway/_gateway.state.js', method: 'processJs' },","                { file: 'admin/gateway/_gateway.html', method: 'processHtml' }","            ]","        }","    ],","    angularSharedComponents: [","        {","            path: ANGULAR_DIR,","            templates: [","                { file: 'components/login/_login.html', method: 'processHtml' },","                { file: 'components/login/_login.service.js', method: 'processJs' },","                'components/login/_login.controller.js',","                'components/form/_show-validation.directive.js',","                'components/form/_maxbytes.directive.js',","                'components/form/_minbytes.directive.js',","                'components/form/_pagination.constants.js',","                'components/util/_base64.service.js',","                'components/util/_capitalize.filter.js',","                'components/util/_parse-links.service.js',","                'components/util/_truncate-characters.filter.js',","                'components/util/_truncate-words.filter.js',","                'components/util/_date-util.service.js',","                'components/util/_data-util.service.js',","                'components/util/_pagination-util.service.js',","                'components/util/_sort.directive.js',","                'components/util/_sort-by.directive.js',","                'components/util/_jhi-item-count.directive.js',","                // alert service code","                'components/alert/_alert.service.js',","                'components/alert/_alert.directive.js',","                'components/alert/_alert-error.directive.js'","            ]","        },","        {","            condition: generator => generator.enableTranslation,","            path: ANGULAR_DIR,","            templates: [","                'components/language/_language.filter.js',","                'components/language/_language.constants.js',","                'components/language/_language.controller.js',","                'components/language/_language.service.js',","            ]","        }","    ],","    angularAuthService: [","        {","            path: ANGULAR_DIR,","            templates: [","                'services/auth/_auth.service.js',","                'services/auth/_principal.service.js',","                'services/auth/_has-authority.directive.js',","                'services/auth/_has-any-authority.directive.js',","                'services/auth/_account.service.js',","                'services/auth/_activate.service.js',","                'services/auth/_password.service.js',","                'services/auth/_password-reset-init.service.js',","                'services/auth/_password-reset-finish.service.js',","                'services/auth/_register.service.js',","                'services/user/_user.service.js'","            ]","        },","        {","            condition: generator => generator.authenticationType === 'oauth2',","            path: ANGULAR_DIR,","            templates: [","                'services/auth/_auth.oauth2.service.js'","            ]","        },","        {","            condition: generator => generator.authenticationType === 'jwt' || generator.authenticationType === 'uaa',","            path: ANGULAR_DIR,","            templates: [","                'services/auth/_auth.jwt.service.js'","            ]","        },","        {","            condition: generator => generator.authenticationType === 'session',","            path: ANGULAR_DIR,","            templates: [","                'services/auth/_auth.session.service.js',","                'services/auth/_sessions.service.js'","            ]","        }","    ],","    clientTestFw: [","        {","            path: TEST_SRC_DIR,","            templates: [","                '_karma.conf.js',","                'spec/helpers/_module.js',","                'spec/helpers/_httpBackend.js',","                'spec/app/admin/health/_health.controller.spec.js',","                'spec/app/account/password/_password.controller.spec.js',","                'spec/app/account/password/_password-strength-bar.directive.spec.js',","                'spec/app/account/settings/_settings.controller.spec.js',","                'spec/app/account/activate/_activate.controller.spec.js',","                'spec/app/account/register/_register.controller.spec.js',","                'spec/app/account/reset/finish/_reset.finish.controller.spec.js',","                'spec/app/account/reset/request/_reset.request.controller.spec.js',","                'spec/app/services/auth/_auth.services.spec.js',","                'spec/app/components/login/_login.controller.spec.js'","            ]","        },","        {","            condition: generator => generator.authenticationType === 'session',","            path: TEST_SRC_DIR,","            templates: [","                'spec/app/account/sessions/_sessions.controller.spec.js'","            ]","        },","        {","            condition: generator => generator.protractorTests,","            path: TEST_SRC_DIR,","            templates: [","                'e2e/account/_account.js',","                'e2e/admin/_administration.js',","                '_protractor.conf.js'","            ]","        }","    ]","};","","module.exports = {","    writeFiles,","    files","};","","","function writeFiles() {","    mkdirp(MAIN_SRC_DIR);","    this.copy('angularjs/gulp/_handle-errors.js', 'gulp/handle-errors.js'); // to avoid interpolate errors","    // write angular 1.x files","    this.writeFilesToDisk(files, this, false, 'angularjs');","}",""],"l":{"1":1,"2":1,"5":1,"6":1,"7":1,"13":1,"45":0,"104":0,"113":0,"141":0,"175":0,"184":0,"196":0,"233":0,"243":0,"253":0,"268":0,"307":0,"335":0,"342":0,"349":0,"377":0,"384":0,"395":1,"401":1,"402":0,"403":0,"405":0}},"/home/travis/build/npmtest/node-npmtest-generator-jhipster/node_modules/generator-jhipster/generators/docker-compose/files.js":{"path":"/home/travis/build/npmtest/node-npmtest-generator-jhipster/node_modules/generator-jhipster/generators/docker-compose/files.js","s":{"1":1,"2":1,"3":0,"4":0,"5":0,"6":0,"7":0,"8":0,"9":0,"10":0,"11":0,"12":0,"13":0,"14":0,"15":0,"16":0,"17":0,"18":0,"19":0,"20":0,"21":0,"22":0,"23":0,"24":0,"25":0,"26":0,"27":0,"28":0,"29":0,"30":0},"b":{"1":[0,0],"2":[0,0],"3":[0,0],"4":[0,0],"5":[0,0],"6":[0,0],"7":[0,0],"8":[0,0]},"f":{"1":0,"2":0,"3":0,"4":0,"5":0,"6":0},"fnMap":{"1":{"name":"writeFiles","line":6,"loc":{"start":{"line":6,"column":0},"end":{"line":6,"column":22}}},"2":{"name":"(anonymous_2)","line":8,"loc":{"start":{"line":8,"column":26},"end":{"line":8,"column":29}}},"3":{"name":"(anonymous_3)","line":12,"loc":{"start":{"line":12,"column":26},"end":{"line":12,"column":29}}},"4":{"name":"(anonymous_4)","line":25,"loc":{"start":{"line":25,"column":23},"end":{"line":25,"column":26}}},"5":{"name":"(anonymous_5)","line":31,"loc":{"start":{"line":31,"column":21},"end":{"line":31,"column":24}}},"6":{"name":"(anonymous_6)","line":39,"loc":{"start":{"line":39,"column":28},"end":{"line":39,"column":31}}}},"statementMap":{"1":{"start":{"line":2,"column":0},"end":{"line":4,"column":2}},"2":{"start":{"line":6,"column":0},"end":{"line":57,"column":1}},"3":{"start":{"line":7,"column":4},"end":{"line":56,"column":6}},"4":{"start":{"line":9,"column":12},"end":{"line":9,"column":71}},"5":{"start":{"line":13,"column":12},"end":{"line":15,"column":13}},"6":{"start":{"line":14,"column":16},"end":{"line":14,"column":81}},"7":{"start":{"line":16,"column":12},"end":{"line":18,"column":13}},"8":{"start":{"line":17,"column":16},"end":{"line":17,"column":113}},"9":{"start":{"line":19,"column":12},"end":{"line":19,"column":74}},"10":{"start":{"line":19,"column":67},"end":{"line":19,"column":74}},"11":{"start":{"line":20,"column":12},"end":{"line":22,"column":13}},"12":{"start":{"line":21,"column":16},"end":{"line":21,"column":59}},"13":{"start":{"line":26,"column":12},"end":{"line":26,"column":39}},"14":{"start":{"line":26,"column":32},"end":{"line":26,"column":39}},"15":{"start":{"line":28,"column":12},"end":{"line":28,"column":53}},"16":{"start":{"line":32,"column":12},"end":{"line":32,"column":50}},"17":{"start":{"line":32,"column":43},"end":{"line":32,"column":50}},"18":{"start":{"line":34,"column":12},"end":{"line":34,"column":75}},"19":{"start":{"line":35,"column":12},"end":{"line":35,"column":79}},"20":{"start":{"line":36,"column":12},"end":{"line":36,"column":73}},"21":{"start":{"line":40,"column":12},"end":{"line":40,"column":57}},"22":{"start":{"line":40,"column":50},"end":{"line":40,"column":57}},"23":{"start":{"line":43,"column":12},"end":{"line":43,"column":37}},"24":{"start":{"line":44,"column":12},"end":{"line":46,"column":13}},"25":{"start":{"line":45,"column":16},"end":{"line":45,"column":121}},"26":{"start":{"line":49,"column":12},"end":{"line":49,"column":80}},"27":{"start":{"line":51,"column":12},"end":{"line":51,"column":63}},"28":{"start":{"line":52,"column":12},"end":{"line":52,"column":95}},"29":{"start":{"line":53,"column":12},"end":{"line":53,"column":89}},"30":{"start":{"line":54,"column":12},"end":{"line":54,"column":91}}},"branchMap":{"1":{"line":13,"type":"if","locations":[{"start":{"line":13,"column":12},"end":{"line":13,"column":12}},{"start":{"line":13,"column":12},"end":{"line":13,"column":12}}]},"2":{"line":16,"type":"if","locations":[{"start":{"line":16,"column":12},"end":{"line":16,"column":12}},{"start":{"line":16,"column":12},"end":{"line":16,"column":12}}]},"3":{"line":19,"type":"if","locations":[{"start":{"line":19,"column":12},"end":{"line":19,"column":12}},{"start":{"line":19,"column":12},"end":{"line":19,"column":12}}]},"4":{"line":19,"type":"binary-expr","locations":[{"start":{"line":19,"column":16},"end":{"line":19,"column":36}},{"start":{"line":19,"column":40},"end":{"line":19,"column":65}}]},"5":{"line":20,"type":"if","locations":[{"start":{"line":20,"column":12},"end":{"line":20,"column":12}},{"start":{"line":20,"column":12},"end":{"line":20,"column":12}}]},"6":{"line":26,"type":"if","locations":[{"start":{"line":26,"column":12},"end":{"line":26,"column":12}},{"start":{"line":26,"column":12},"end":{"line":26,"column":12}}]},"7":{"line":32,"type":"if","locations":[{"start":{"line":32,"column":12},"end":{"line":32,"column":12}},{"start":{"line":32,"column":12},"end":{"line":32,"column":12}}]},"8":{"line":40,"type":"if","locations":[{"start":{"line":40,"column":12},"end":{"line":40,"column":12}},{"start":{"line":40,"column":12},"end":{"line":40,"column":12}}]}},"code":["","module.exports = {","    writeFiles","};","","function writeFiles() {","    return {","        writeDockerCompose() {","            this.template('_docker-compose.yml', 'docker-compose.yml');","        },","","        writeRegistryFiles() {","            if (this.serviceDiscoveryType === 'eureka') {","                this.template('_jhipster-registry.yml', 'jhipster-registry.yml');","            }","            if (this.serviceDiscoveryType) {","                this.template('central-server-config/_application.yml', 'central-server-config/application.yml');","            }","            if (this.gatewayNb === 0 && this.microserviceNb === 0) return;","            if (this.serviceDiscoveryType === 'consul') {","                this.template('_consul.yml', 'consul.yml');","            }","        },","","        writeKafkaFiles() {","            if (!this.useKafka) return;","","            this.template('_kafka.yml', 'kafka.yml');","        },","","        writeElkFiles() {","            if (this.monitoring !== 'elk') return;","","            this.template('_jhipster-console.yml', 'jhipster-console.yml');","            this.template('log-conf/_logstash.conf', 'log-conf/logstash.conf');","            this.template('log-data/_.gitignore', 'log-data/.gitignore');","        },","","        writePrometheusFiles() {","            if (this.monitoring !== 'prometheus') return;","","            // Generate a list of target apps to monitor for the prometheus config","            const appsToMonitor = [];","            for (let i = 0; i < this.appConfigs.length; i++) {","                appsToMonitor.push(`             - ${this.appConfigs[i].baseName}-app:${this.appConfigs[i].serverPort}`);","            }","","            // Format the application target list as a YAML array","            this.appsToMonitorList = appsToMonitor.join('\\n').replace(/'/g, '');","","            this.template('_prometheus.yml', 'prometheus.yml');","            this.template('prometheus-conf/_prometheus.yml', 'prometheus-conf/prometheus.yml');","            this.template('prometheus-conf/_alert.rules', 'prometheus-conf/alert.rules');","            this.template('alertmanager-conf/_config.yml', 'alertmanager-conf/config.yml');","        }","    };","}",""],"l":{"2":1,"6":1,"7":0,"9":0,"13":0,"14":0,"16":0,"17":0,"19":0,"20":0,"21":0,"26":0,"28":0,"32":0,"34":0,"35":0,"36":0,"40":0,"43":0,"44":0,"45":0,"49":0,"51":0,"52":0,"53":0,"54":0}}}